Arguments: 
  /usr/local/bin/node /usr/local/Cellar/yarn/1.3.2/libexec/bin/yarn.js start

PATH: 
  /Users/lukewatson/.pyenv/versions/3.7.2/bin:/usr/local/sbin:/usr/local/lib/node_modules:/usr/local/opt/pyenv/shims:/usr/local/opt/pyenv/bin:/Library/Frameworks/Python.framework/Versions/3.7/bin:/Users/lukewatson/.ebcli-virtual-env/executables:/usr/local/bin:/usr/bin:/bin:/usr/sbin:/sbin:/usr/local/share/dotnet:~/.dotnet/tools:/Library/Apple/usr/bin:/Library/Frameworks/Mono.framework/Versions/Current/Commands:/Applications/Xamarin Workbooks.app/Contents/SharedSupport/path-bin:/Users/lukewatson/projects/crypto/node-api/node_modules/.bin

Yarn version: 
  1.3.2

Node version: 
  12.16.3

Platform: 
  darwin x64

npm manifest: 
  {
    "name": "api",
    "version": "0.0.0",
    "private": true,
    "scripts": {
      "start": "nodemon index.ts",
    },
    "dependencies": {
      "cookie-parser": "~1.4.4",
      "cors": "^2.8.5",
      "debug": "~2.6.9",
      "express": "~4.16.1",
      "http-errors": "~1.6.3",
      "jade": "~1.11.0",
      "morgan": "~1.9.1",
      "sequelize": "^6.3.4",
      "web3": "^1.2.11",
      "web3-eth": "^1.2.11"
    },
    "devDependencies": {
      "@types/express": "^4.17.11",
      "@types/node": "^14.14.22",
      "prettier": "2.2.1",
      "ts-node": "^9.1.1",
      "typescript": "^4.1.3"
    }
  }

yarn manifest: 
  No manifest

Lockfile: 
  # THIS IS AN AUTOGENERATED FILE. DO NOT EDIT THIS FILE DIRECTLY.
  # yarn lockfile v1
  
  
  "@ethersproject/abi@5.0.0-beta.153":
    version "5.0.0-beta.153"
    resolved "https://registry.npmjs.org/@ethersproject/abi/-/abi-5.0.0-beta.153.tgz"
    dependencies:
      "@ethersproject/address" ">=5.0.0-beta.128"
      "@ethersproject/bignumber" ">=5.0.0-beta.130"
      "@ethersproject/bytes" ">=5.0.0-beta.129"
      "@ethersproject/constants" ">=5.0.0-beta.128"
      "@ethersproject/hash" ">=5.0.0-beta.128"
      "@ethersproject/keccak256" ">=5.0.0-beta.127"
      "@ethersproject/logger" ">=5.0.0-beta.129"
      "@ethersproject/properties" ">=5.0.0-beta.131"
      "@ethersproject/strings" ">=5.0.0-beta.130"
  
  "@ethersproject/address@>=5.0.0-beta.128", "@ethersproject/address@^5.0.0":
    version "5.0.2"
    resolved "https://registry.npmjs.org/@ethersproject/address/-/address-5.0.2.tgz"
    dependencies:
      "@ethersproject/bignumber" "^5.0.0"
      "@ethersproject/bytes" "^5.0.0"
      "@ethersproject/keccak256" "^5.0.0"
      "@ethersproject/logger" "^5.0.0"
      "@ethersproject/rlp" "^5.0.0"
      bn.js "^4.4.0"
  
  "@ethersproject/bignumber@>=5.0.0-beta.130", "@ethersproject/bignumber@^5.0.0":
    version "5.0.5"
    resolved "https://registry.npmjs.org/@ethersproject/bignumber/-/bignumber-5.0.5.tgz"
    dependencies:
      "@ethersproject/bytes" "^5.0.0"
      "@ethersproject/logger" "^5.0.0"
      bn.js "^4.4.0"
  
  "@ethersproject/bytes@>=5.0.0-beta.129", "@ethersproject/bytes@^5.0.0":
    version "5.0.3"
    resolved "https://registry.npmjs.org/@ethersproject/bytes/-/bytes-5.0.3.tgz"
    dependencies:
      "@ethersproject/logger" "^5.0.0"
  
  "@ethersproject/constants@>=5.0.0-beta.128", "@ethersproject/constants@^5.0.0":
    version "5.0.2"
    resolved "https://registry.npmjs.org/@ethersproject/constants/-/constants-5.0.2.tgz"
    dependencies:
      "@ethersproject/bignumber" "^5.0.0"
  
  "@ethersproject/hash@>=5.0.0-beta.128":
    version "5.0.2"
    resolved "https://registry.npmjs.org/@ethersproject/hash/-/hash-5.0.2.tgz"
    dependencies:
      "@ethersproject/bytes" "^5.0.0"
      "@ethersproject/keccak256" "^5.0.0"
      "@ethersproject/logger" "^5.0.0"
      "@ethersproject/strings" "^5.0.0"
  
  "@ethersproject/keccak256@>=5.0.0-beta.127", "@ethersproject/keccak256@^5.0.0":
    version "5.0.2"
    resolved "https://registry.npmjs.org/@ethersproject/keccak256/-/keccak256-5.0.2.tgz"
    dependencies:
      "@ethersproject/bytes" "^5.0.0"
      js-sha3 "0.5.7"
  
  "@ethersproject/logger@>=5.0.0-beta.129", "@ethersproject/logger@^5.0.0":
    version "5.0.4"
    resolved "https://registry.npmjs.org/@ethersproject/logger/-/logger-5.0.4.tgz"
  
  "@ethersproject/properties@>=5.0.0-beta.131", "@ethersproject/properties@^5.0.0":
    version "5.0.2"
    resolved "https://registry.npmjs.org/@ethersproject/properties/-/properties-5.0.2.tgz"
    dependencies:
      "@ethersproject/logger" "^5.0.0"
  
  "@ethersproject/rlp@^5.0.0":
    version "5.0.2"
    resolved "https://registry.npmjs.org/@ethersproject/rlp/-/rlp-5.0.2.tgz"
    dependencies:
      "@ethersproject/bytes" "^5.0.0"
      "@ethersproject/logger" "^5.0.0"
  
  "@ethersproject/signing-key@^5.0.0":
    version "5.0.3"
    resolved "https://registry.npmjs.org/@ethersproject/signing-key/-/signing-key-5.0.3.tgz"
    dependencies:
      "@ethersproject/bytes" "^5.0.0"
      "@ethersproject/logger" "^5.0.0"
      "@ethersproject/properties" "^5.0.0"
      elliptic "6.5.3"
  
  "@ethersproject/strings@>=5.0.0-beta.130", "@ethersproject/strings@^5.0.0":
    version "5.0.2"
    resolved "https://registry.npmjs.org/@ethersproject/strings/-/strings-5.0.2.tgz"
    dependencies:
      "@ethersproject/bytes" "^5.0.0"
      "@ethersproject/constants" "^5.0.0"
      "@ethersproject/logger" "^5.0.0"
  
  "@ethersproject/transactions@^5.0.0-beta.135":
    version "5.0.2"
    resolved "https://registry.npmjs.org/@ethersproject/transactions/-/transactions-5.0.2.tgz"
    dependencies:
      "@ethersproject/address" "^5.0.0"
      "@ethersproject/bignumber" "^5.0.0"
      "@ethersproject/bytes" "^5.0.0"
      "@ethersproject/constants" "^5.0.0"
      "@ethersproject/keccak256" "^5.0.0"
      "@ethersproject/logger" "^5.0.0"
      "@ethersproject/properties" "^5.0.0"
      "@ethersproject/rlp" "^5.0.0"
      "@ethersproject/signing-key" "^5.0.0"
  
  "@sindresorhus/is@^0.14.0":
    version "0.14.0"
    resolved "https://registry.npmjs.org/@sindresorhus/is/-/is-0.14.0.tgz"
  
  "@szmarczak/http-timer@^1.1.2":
    version "1.1.2"
    resolved "https://registry.npmjs.org/@szmarczak/http-timer/-/http-timer-1.1.2.tgz"
    dependencies:
      defer-to-connect "^1.0.1"
  
  "@types/bn.js@^4.11.3", "@types/bn.js@^4.11.5":
    version "4.11.6"
    resolved "https://registry.npmjs.org/@types/bn.js/-/bn.js-4.11.6.tgz"
    dependencies:
      "@types/node" "*"
  
  "@types/body-parser@*":
    version "1.19.0"
    resolved "https://registry.npmjs.org/@types/body-parser/-/body-parser-1.19.0.tgz"
    dependencies:
      "@types/connect" "*"
      "@types/node" "*"
  
  "@types/connect@*":
    version "3.4.34"
    resolved "https://registry.npmjs.org/@types/connect/-/connect-3.4.34.tgz"
    dependencies:
      "@types/node" "*"
  
  "@types/express-serve-static-core@^4.17.18":
    version "4.17.18"
    resolved "https://registry.npmjs.org/@types/express-serve-static-core/-/express-serve-static-core-4.17.18.tgz"
    dependencies:
      "@types/node" "*"
      "@types/qs" "*"
      "@types/range-parser" "*"
  
  "@types/express@^4.17.11":
    version "4.17.11"
    resolved "https://registry.npmjs.org/@types/express/-/express-4.17.11.tgz"
    dependencies:
      "@types/body-parser" "*"
      "@types/express-serve-static-core" "^4.17.18"
      "@types/qs" "*"
      "@types/serve-static" "*"
  
  "@types/mime@^1":
    version "1.3.2"
    resolved "https://registry.npmjs.org/@types/mime/-/mime-1.3.2.tgz"
  
  "@types/node@*", "@types/node@^14.14.22":
    version "14.14.22"
    resolved "https://registry.npmjs.org/@types/node/-/node-14.14.22.tgz"
  
  "@types/node@^12.12.6":
    version "12.19.15"
    resolved "https://registry.npmjs.org/@types/node/-/node-12.19.15.tgz"
  
  "@types/pbkdf2@^3.0.0":
    version "3.1.0"
    resolved "https://registry.npmjs.org/@types/pbkdf2/-/pbkdf2-3.1.0.tgz"
    dependencies:
      "@types/node" "*"
  
  "@types/qs@*":
    version "6.9.5"
    resolved "https://registry.npmjs.org/@types/qs/-/qs-6.9.5.tgz"
  
  "@types/range-parser@*":
    version "1.2.3"
    resolved "https://registry.npmjs.org/@types/range-parser/-/range-parser-1.2.3.tgz"
  
  "@types/secp256k1@^4.0.1":
    version "4.0.1"
    resolved "https://registry.npmjs.org/@types/secp256k1/-/secp256k1-4.0.1.tgz"
    dependencies:
      "@types/node" "*"
  
  "@types/serve-static@*":
    version "1.13.9"
    resolved "https://registry.npmjs.org/@types/serve-static/-/serve-static-1.13.9.tgz"
    dependencies:
      "@types/mime" "^1"
      "@types/node" "*"
  
  abbrev@1:
    version "1.1.1"
    resolved "https://registry.yarnpkg.com/abbrev/-/abbrev-1.1.1.tgz#f8f2c887ad10bf67f634f005b6987fed3179aac8"
  
  accepts@~1.3.5:
    version "1.3.7"
    resolved "https://registry.npmjs.org/accepts/-/accepts-1.3.7.tgz"
    dependencies:
      mime-types "~2.1.24"
      negotiator "0.6.2"
  
  acorn-globals@^1.0.3:
    version "1.0.9"
    resolved "https://registry.npmjs.org/acorn-globals/-/acorn-globals-1.0.9.tgz"
    dependencies:
      acorn "^2.1.0"
  
  acorn@^1.0.1:
    version "1.2.2"
    resolved "https://registry.npmjs.org/acorn/-/acorn-1.2.2.tgz"
  
  acorn@^2.1.0:
    version "2.7.0"
    resolved "https://registry.npmjs.org/acorn/-/acorn-2.7.0.tgz"
  
  ajv@^6.5.5:
    version "6.12.3"
    resolved "https://registry.npmjs.org/ajv/-/ajv-6.12.3.tgz"
    dependencies:
      fast-deep-equal "^3.1.1"
      fast-json-stable-stringify "^2.0.0"
      json-schema-traverse "^0.4.1"
      uri-js "^4.2.2"
  
  align-text@^0.1.1, align-text@^0.1.3:
    version "0.1.4"
    resolved "https://registry.npmjs.org/align-text/-/align-text-0.1.4.tgz"
    dependencies:
      kind-of "^3.0.2"
      longest "^1.0.1"
      repeat-string "^1.5.2"
  
  amdefine@>=0.0.4:
    version "1.0.1"
    resolved "https://registry.npmjs.org/amdefine/-/amdefine-1.0.1.tgz"
  
  ansi-align@^3.0.0:
    version "3.0.0"
    resolved "https://registry.yarnpkg.com/ansi-align/-/ansi-align-3.0.0.tgz#b536b371cf687caaef236c18d3e21fe3797467cb"
    dependencies:
      string-width "^3.0.0"
  
  ansi-regex@^4.1.0:
    version "4.1.0"
    resolved "https://registry.yarnpkg.com/ansi-regex/-/ansi-regex-4.1.0.tgz#8b9f8f08cf1acb843756a839ca8c7e3168c51997"
  
  ansi-regex@^5.0.0:
    version "5.0.0"
    resolved "https://registry.yarnpkg.com/ansi-regex/-/ansi-regex-5.0.0.tgz#388539f55179bf39339c81af30a654d69f87cb75"
  
  ansi-styles@^4.1.0:
    version "4.3.0"
    resolved "https://registry.yarnpkg.com/ansi-styles/-/ansi-styles-4.3.0.tgz#edd803628ae71c04c85ae7a0906edad34b648937"
    dependencies:
      color-convert "^2.0.1"
  
  any-promise@^1.3.0:
    version "1.3.0"
    resolved "https://registry.npmjs.org/any-promise/-/any-promise-1.3.0.tgz"
  
  anymatch@~3.1.1:
    version "3.1.1"
    resolved "https://registry.yarnpkg.com/anymatch/-/anymatch-3.1.1.tgz#c55ecf02185e2469259399310c173ce31233b142"
    dependencies:
      normalize-path "^3.0.0"
      picomatch "^2.0.4"
  
  arg@^4.1.0:
    version "4.1.3"
    resolved "https://registry.npmjs.org/arg/-/arg-4.1.3.tgz"
  
  array-flatten@1.1.1:
    version "1.1.1"
    resolved "https://registry.npmjs.org/array-flatten/-/array-flatten-1.1.1.tgz"
  
  asap@~1.0.0:
    version "1.0.0"
    resolved "https://registry.npmjs.org/asap/-/asap-1.0.0.tgz"
  
  asn1.js@^4.0.0:
    version "4.10.1"
    resolved "https://registry.npmjs.org/asn1.js/-/asn1.js-4.10.1.tgz"
    dependencies:
      bn.js "^4.0.0"
      inherits "^2.0.1"
      minimalistic-assert "^1.0.0"
  
  asn1@~0.2.3:
    version "0.2.4"
    resolved "https://registry.npmjs.org/asn1/-/asn1-0.2.4.tgz"
    dependencies:
      safer-buffer "~2.1.0"
  
  assert-plus@1.0.0, assert-plus@^1.0.0:
    version "1.0.0"
    resolved "https://registry.npmjs.org/assert-plus/-/assert-plus-1.0.0.tgz"
  
  async-limiter@~1.0.0:
    version "1.0.1"
    resolved "https://registry.npmjs.org/async-limiter/-/async-limiter-1.0.1.tgz"
  
  asynckit@^0.4.0:
    version "0.4.0"
    resolved "https://registry.npmjs.org/asynckit/-/asynckit-0.4.0.tgz"
  
  aws-sign2@~0.7.0:
    version "0.7.0"
    resolved "https://registry.npmjs.org/aws-sign2/-/aws-sign2-0.7.0.tgz"
  
  aws4@^1.8.0:
    version "1.10.0"
    resolved "https://registry.npmjs.org/aws4/-/aws4-1.10.0.tgz"
  
  balanced-match@^1.0.0:
    version "1.0.0"
    resolved "https://registry.yarnpkg.com/balanced-match/-/balanced-match-1.0.0.tgz#89b4d199ab2bee49de164ea02b89ce462d71b767"
  
  base-x@^3.0.2, base-x@^3.0.8:
    version "3.0.8"
    resolved "https://registry.npmjs.org/base-x/-/base-x-3.0.8.tgz"
    dependencies:
      safe-buffer "^5.0.1"
  
  base64-js@^1.0.2:
    version "1.3.1"
    resolved "https://registry.npmjs.org/base64-js/-/base64-js-1.3.1.tgz"
  
  basic-auth@~2.0.0:
    version "2.0.1"
    resolved "https://registry.npmjs.org/basic-auth/-/basic-auth-2.0.1.tgz"
    dependencies:
      safe-buffer "5.1.2"
  
  bcrypt-pbkdf@^1.0.0:
    version "1.0.2"
    resolved "https://registry.npmjs.org/bcrypt-pbkdf/-/bcrypt-pbkdf-1.0.2.tgz"
    dependencies:
      tweetnacl "^0.14.3"
  
  bignumber.js@^9.0.0:
    version "9.0.0"
    resolved "https://registry.npmjs.org/bignumber.js/-/bignumber.js-9.0.0.tgz"
  
  binary-extensions@^2.0.0:
    version "2.2.0"
    resolved "https://registry.yarnpkg.com/binary-extensions/-/binary-extensions-2.2.0.tgz#75f502eeaf9ffde42fc98829645be4ea76bd9e2d"
  
  blakejs@^1.1.0:
    version "1.1.0"
    resolved "https://registry.npmjs.org/blakejs/-/blakejs-1.1.0.tgz"
  
  bluebird@^3.5.0:
    version "3.7.2"
    resolved "https://registry.npmjs.org/bluebird/-/bluebird-3.7.2.tgz"
  
  bn.js@4.11.6:
    version "4.11.6"
    resolved "https://registry.npmjs.org/bn.js/-/bn.js-4.11.6.tgz"
  
  bn.js@^4.0.0, bn.js@^4.1.0, bn.js@^4.11.0, bn.js@^4.11.1, bn.js@^4.11.6, bn.js@^4.11.9, bn.js@^4.4.0:
    version "4.11.9"
    resolved "https://registry.npmjs.org/bn.js/-/bn.js-4.11.9.tgz"
  
  bn.js@^5.1.1:
    version "5.1.2"
    resolved "https://registry.npmjs.org/bn.js/-/bn.js-5.1.2.tgz"
  
  body-parser@1.18.3, body-parser@^1.16.0:
    version "1.18.3"
    resolved "https://registry.npmjs.org/body-parser/-/body-parser-1.18.3.tgz"
    dependencies:
      bytes "3.0.0"
      content-type "~1.0.4"
      debug "2.6.9"
      depd "~1.1.2"
      http-errors "~1.6.3"
      iconv-lite "0.4.23"
      on-finished "~2.3.0"
      qs "6.5.2"
      raw-body "2.3.3"
      type-is "~1.6.16"
  
  boxen@^4.2.0:
    version "4.2.0"
    resolved "https://registry.yarnpkg.com/boxen/-/boxen-4.2.0.tgz#e411b62357d6d6d36587c8ac3d5d974daa070e64"
    dependencies:
      ansi-align "^3.0.0"
      camelcase "^5.3.1"
      chalk "^3.0.0"
      cli-boxes "^2.2.0"
      string-width "^4.1.0"
      term-size "^2.1.0"
      type-fest "^0.8.1"
      widest-line "^3.1.0"
  
  brace-expansion@^1.1.7:
    version "1.1.11"
    resolved "https://registry.yarnpkg.com/brace-expansion/-/brace-expansion-1.1.11.tgz#3c7fcbf529d87226f3d2f52b966ff5271eb441dd"
    dependencies:
      balanced-match "^1.0.0"
      concat-map "0.0.1"
  
  braces@~3.0.2:
    version "3.0.2"
    resolved "https://registry.yarnpkg.com/braces/-/braces-3.0.2.tgz#3454e1a462ee8d599e236df336cd9ea4f8afe107"
    dependencies:
      fill-range "^7.0.1"
  
  brorand@^1.0.1:
    version "1.1.0"
    resolved "https://registry.npmjs.org/brorand/-/brorand-1.1.0.tgz"
  
  browserify-aes@^1.0.0, browserify-aes@^1.0.4, browserify-aes@^1.2.0:
    version "1.2.0"
    resolved "https://registry.npmjs.org/browserify-aes/-/browserify-aes-1.2.0.tgz"
    dependencies:
      buffer-xor "^1.0.3"
      cipher-base "^1.0.0"
      create-hash "^1.1.0"
      evp_bytestokey "^1.0.3"
      inherits "^2.0.1"
      safe-buffer "^5.0.1"
  
  browserify-cipher@^1.0.0:
    version "1.0.1"
    resolved "https://registry.npmjs.org/browserify-cipher/-/browserify-cipher-1.0.1.tgz"
    dependencies:
      browserify-aes "^1.0.4"
      browserify-des "^1.0.0"
      evp_bytestokey "^1.0.0"
  
  browserify-des@^1.0.0:
    version "1.0.2"
    resolved "https://registry.npmjs.org/browserify-des/-/browserify-des-1.0.2.tgz"
    dependencies:
      cipher-base "^1.0.1"
      des.js "^1.0.0"
      inherits "^2.0.1"
      safe-buffer "^5.1.2"
  
  browserify-rsa@^4.0.0, browserify-rsa@^4.0.1:
    version "4.0.1"
    resolved "https://registry.npmjs.org/browserify-rsa/-/browserify-rsa-4.0.1.tgz"
    dependencies:
      bn.js "^4.1.0"
      randombytes "^2.0.1"
  
  browserify-sign@^4.0.0:
    version "4.2.0"
    resolved "https://registry.npmjs.org/browserify-sign/-/browserify-sign-4.2.0.tgz"
    dependencies:
      bn.js "^5.1.1"
      browserify-rsa "^4.0.1"
      create-hash "^1.2.0"
      create-hmac "^1.1.7"
      elliptic "^6.5.2"
      inherits "^2.0.4"
      parse-asn1 "^5.1.5"
      readable-stream "^3.6.0"
      safe-buffer "^5.2.0"
  
  bs58@^4.0.0:
    version "4.0.1"
    resolved "https://registry.npmjs.org/bs58/-/bs58-4.0.1.tgz"
    dependencies:
      base-x "^3.0.2"
  
  bs58check@^2.1.2:
    version "2.1.2"
    resolved "https://registry.npmjs.org/bs58check/-/bs58check-2.1.2.tgz"
    dependencies:
      bs58 "^4.0.0"
      create-hash "^1.1.0"
      safe-buffer "^5.1.2"
  
  buffer-from@^1.0.0:
    version "1.1.1"
    resolved "https://registry.npmjs.org/buffer-from/-/buffer-from-1.1.1.tgz"
  
  buffer-to-arraybuffer@^0.0.5:
    version "0.0.5"
    resolved "https://registry.npmjs.org/buffer-to-arraybuffer/-/buffer-to-arraybuffer-0.0.5.tgz"
  
  buffer-xor@^1.0.3:
    version "1.0.3"
    resolved "https://registry.npmjs.org/buffer-xor/-/buffer-xor-1.0.3.tgz"
  
  buffer@^5.0.5, buffer@^5.5.0, buffer@^5.6.0:
    version "5.6.0"
    resolved "https://registry.npmjs.org/buffer/-/buffer-5.6.0.tgz"
    dependencies:
      base64-js "^1.0.2"
      ieee754 "^1.1.4"
  
  bytes@3.0.0:
    version "3.0.0"
    resolved "https://registry.npmjs.org/bytes/-/bytes-3.0.0.tgz"
  
  cacheable-request@^6.0.0:
    version "6.1.0"
    resolved "https://registry.npmjs.org/cacheable-request/-/cacheable-request-6.1.0.tgz"
    dependencies:
      clone-response "^1.0.2"
      get-stream "^5.1.0"
      http-cache-semantics "^4.0.0"
      keyv "^3.0.0"
      lowercase-keys "^2.0.0"
      normalize-url "^4.1.0"
      responselike "^1.0.2"
  
  camelcase@^1.0.2:
    version "1.2.1"
    resolved "https://registry.npmjs.org/camelcase/-/camelcase-1.2.1.tgz"
  
  camelcase@^5.3.1:
    version "5.3.1"
    resolved "https://registry.yarnpkg.com/camelcase/-/camelcase-5.3.1.tgz#e3c9b31569e106811df242f715725a1f4c494320"
  
  caseless@~0.12.0:
    version "0.12.0"
    resolved "https://registry.npmjs.org/caseless/-/caseless-0.12.0.tgz"
  
  center-align@^0.1.1:
    version "0.1.3"
    resolved "https://registry.npmjs.org/center-align/-/center-align-0.1.3.tgz"
    dependencies:
      align-text "^0.1.3"
      lazy-cache "^1.0.3"
  
  chalk@^3.0.0:
    version "3.0.0"
    resolved "https://registry.yarnpkg.com/chalk/-/chalk-3.0.0.tgz#3f73c2bf526591f574cc492c51e2456349f844e4"
    dependencies:
      ansi-styles "^4.1.0"
      supports-color "^7.1.0"
  
  character-parser@1.2.1:
    version "1.2.1"
    resolved "https://registry.npmjs.org/character-parser/-/character-parser-1.2.1.tgz"
  
  chokidar@^3.2.2:
    version "3.5.1"
    resolved "https://registry.yarnpkg.com/chokidar/-/chokidar-3.5.1.tgz#ee9ce7bbebd2b79f49f304799d5468e31e14e68a"
    dependencies:
      anymatch "~3.1.1"
      braces "~3.0.2"
      glob-parent "~5.1.0"
      is-binary-path "~2.1.0"
      is-glob "~4.0.1"
      normalize-path "~3.0.0"
      readdirp "~3.5.0"
    optionalDependencies:
      fsevents "~2.3.1"
  
  chownr@^1.1.1:
    version "1.1.4"
    resolved "https://registry.npmjs.org/chownr/-/chownr-1.1.4.tgz"
  
  ci-info@^2.0.0:
    version "2.0.0"
    resolved "https://registry.yarnpkg.com/ci-info/-/ci-info-2.0.0.tgz#67a9e964be31a51e15e5010d58e6f12834002f46"
  
  cids@^0.7.1:
    version "0.7.5"
    resolved "https://registry.npmjs.org/cids/-/cids-0.7.5.tgz"
    dependencies:
      buffer "^5.5.0"
      class-is "^1.1.0"
      multibase "~0.6.0"
      multicodec "^1.0.0"
      multihashes "~0.4.15"
  
  cipher-base@^1.0.0, cipher-base@^1.0.1, cipher-base@^1.0.3:
    version "1.0.4"
    resolved "https://registry.npmjs.org/cipher-base/-/cipher-base-1.0.4.tgz"
    dependencies:
      inherits "^2.0.1"
      safe-buffer "^5.0.1"
  
  class-is@^1.1.0:
    version "1.1.0"
    resolved "https://registry.npmjs.org/class-is/-/class-is-1.1.0.tgz"
  
  clean-css@^3.1.9:
    version "3.4.28"
    resolved "https://registry.npmjs.org/clean-css/-/clean-css-3.4.28.tgz"
    dependencies:
      commander "2.8.x"
      source-map "0.4.x"
  
  cli-boxes@^2.2.0:
    version "2.2.1"
    resolved "https://registry.yarnpkg.com/cli-boxes/-/cli-boxes-2.2.1.tgz#ddd5035d25094fce220e9cab40a45840a440318f"
  
  cliui@^2.1.0:
    version "2.1.0"
    resolved "https://registry.npmjs.org/cliui/-/cliui-2.1.0.tgz"
    dependencies:
      center-align "^0.1.1"
      right-align "^0.1.1"
      wordwrap "0.0.2"
  
  clone-response@^1.0.2:
    version "1.0.2"
    resolved "https://registry.npmjs.org/clone-response/-/clone-response-1.0.2.tgz"
    dependencies:
      mimic-response "^1.0.0"
  
  color-convert@^2.0.1:
    version "2.0.1"
    resolved "https://registry.yarnpkg.com/color-convert/-/color-convert-2.0.1.tgz#72d3a68d598c9bdb3af2ad1e84f21d896abd4de3"
    dependencies:
      color-name "~1.1.4"
  
  color-name@~1.1.4:
    version "1.1.4"
    resolved "https://registry.yarnpkg.com/color-name/-/color-name-1.1.4.tgz#c2a09a87acbde69543de6f63fa3995c826c536a2"
  
  combined-stream@^1.0.6, combined-stream@~1.0.6:
    version "1.0.8"
    resolved "https://registry.npmjs.org/combined-stream/-/combined-stream-1.0.8.tgz"
    dependencies:
      delayed-stream "~1.0.0"
  
  commander@2.8.x:
    version "2.8.1"
    resolved "https://registry.npmjs.org/commander/-/commander-2.8.1.tgz"
    dependencies:
      graceful-readlink ">= 1.0.0"
  
  commander@~2.6.0:
    version "2.6.0"
    resolved "https://registry.npmjs.org/commander/-/commander-2.6.0.tgz"
  
  concat-map@0.0.1:
    version "0.0.1"
    resolved "https://registry.yarnpkg.com/concat-map/-/concat-map-0.0.1.tgz#d8a96bd77fd68df7793a73036a3ba0d5405d477b"
  
  configstore@^5.0.1:
    version "5.0.1"
    resolved "https://registry.yarnpkg.com/configstore/-/configstore-5.0.1.tgz#d365021b5df4b98cdd187d6a3b0e3f6a7cc5ed96"
    dependencies:
      dot-prop "^5.2.0"
      graceful-fs "^4.1.2"
      make-dir "^3.0.0"
      unique-string "^2.0.0"
      write-file-atomic "^3.0.0"
      xdg-basedir "^4.0.0"
  
  constantinople@~3.0.1:
    version "3.0.2"
    resolved "https://registry.npmjs.org/constantinople/-/constantinople-3.0.2.tgz"
    dependencies:
      acorn "^2.1.0"
  
  content-disposition@0.5.2:
    version "0.5.2"
    resolved "https://registry.npmjs.org/content-disposition/-/content-disposition-0.5.2.tgz"
  
  content-hash@^2.5.2:
    version "2.5.2"
    resolved "https://registry.npmjs.org/content-hash/-/content-hash-2.5.2.tgz"
    dependencies:
      cids "^0.7.1"
      multicodec "^0.5.5"
      multihashes "^0.4.15"
  
  content-type@~1.0.4:
    version "1.0.4"
    resolved "https://registry.npmjs.org/content-type/-/content-type-1.0.4.tgz"
  
  cookie-parser@~1.4.4:
    version "1.4.5"
    resolved "https://registry.npmjs.org/cookie-parser/-/cookie-parser-1.4.5.tgz"
    dependencies:
      cookie "0.4.0"
      cookie-signature "1.0.6"
  
  cookie-signature@1.0.6:
    version "1.0.6"
    resolved "https://registry.npmjs.org/cookie-signature/-/cookie-signature-1.0.6.tgz"
  
  cookie@0.3.1:
    version "0.3.1"
    resolved "https://registry.npmjs.org/cookie/-/cookie-0.3.1.tgz"
  
  cookie@0.4.0:
    version "0.4.0"
    resolved "https://registry.npmjs.org/cookie/-/cookie-0.4.0.tgz"
  
  cookiejar@^2.1.1:
    version "2.1.2"
    resolved "https://registry.npmjs.org/cookiejar/-/cookiejar-2.1.2.tgz"
  
  core-util-is@1.0.2:
    version "1.0.2"
    resolved "https://registry.npmjs.org/core-util-is/-/core-util-is-1.0.2.tgz"
  
  cors@^2.8.1, cors@^2.8.5:
    version "2.8.5"
    resolved "https://registry.npmjs.org/cors/-/cors-2.8.5.tgz"
    dependencies:
      object-assign "^4"
      vary "^1"
  
  create-ecdh@^4.0.0:
    version "4.0.3"
    resolved "https://registry.npmjs.org/create-ecdh/-/create-ecdh-4.0.3.tgz"
    dependencies:
      bn.js "^4.1.0"
      elliptic "^6.0.0"
  
  create-hash@^1.1.0, create-hash@^1.1.2, create-hash@^1.2.0:
    version "1.2.0"
    resolved "https://registry.npmjs.org/create-hash/-/create-hash-1.2.0.tgz"
    dependencies:
      cipher-base "^1.0.1"
      inherits "^2.0.1"
      md5.js "^1.3.4"
      ripemd160 "^2.0.1"
      sha.js "^2.4.0"
  
  create-hmac@^1.1.0, create-hmac@^1.1.4, create-hmac@^1.1.7:
    version "1.1.7"
    resolved "https://registry.npmjs.org/create-hmac/-/create-hmac-1.1.7.tgz"
    dependencies:
      cipher-base "^1.0.3"
      create-hash "^1.1.0"
      inherits "^2.0.1"
      ripemd160 "^2.0.0"
      safe-buffer "^5.0.1"
      sha.js "^2.4.8"
  
  create-require@^1.1.0:
    version "1.1.1"
    resolved "https://registry.npmjs.org/create-require/-/create-require-1.1.1.tgz"
  
  crypto-browserify@3.12.0:
    version "3.12.0"
    resolved "https://registry.npmjs.org/crypto-browserify/-/crypto-browserify-3.12.0.tgz"
    dependencies:
      browserify-cipher "^1.0.0"
      browserify-sign "^4.0.0"
      create-ecdh "^4.0.0"
      create-hash "^1.1.0"
      create-hmac "^1.1.0"
      diffie-hellman "^5.0.0"
      inherits "^2.0.1"
      pbkdf2 "^3.0.3"
      public-encrypt "^4.0.0"
      randombytes "^2.0.0"
      randomfill "^1.0.3"
  
  crypto-random-string@^2.0.0:
    version "2.0.0"
    resolved "https://registry.yarnpkg.com/crypto-random-string/-/crypto-random-string-2.0.0.tgz#ef2a7a966ec11083388369baa02ebead229b30d5"
  
  css-parse@1.0.4:
    version "1.0.4"
    resolved "https://registry.npmjs.org/css-parse/-/css-parse-1.0.4.tgz"
  
  css-stringify@1.0.5:
    version "1.0.5"
    resolved "https://registry.npmjs.org/css-stringify/-/css-stringify-1.0.5.tgz"
  
  css@~1.0.8:
    version "1.0.8"
    resolved "https://registry.npmjs.org/css/-/css-1.0.8.tgz"
    dependencies:
      css-parse "1.0.4"
      css-stringify "1.0.5"
  
  d@1, d@^1.0.1:
    version "1.0.1"
    resolved "https://registry.npmjs.org/d/-/d-1.0.1.tgz"
    dependencies:
      es5-ext "^0.10.50"
      type "^1.0.1"
  
  dashdash@^1.12.0:
    version "1.14.1"
    resolved "https://registry.npmjs.org/dashdash/-/dashdash-1.14.1.tgz"
    dependencies:
      assert-plus "^1.0.0"
  
  debug@2.6.9, debug@^2.2.0, debug@~2.6.9:
    version "2.6.9"
    resolved "https://registry.npmjs.org/debug/-/debug-2.6.9.tgz"
    dependencies:
      ms "2.0.0"
  
  debug@^3.2.6:
    version "3.2.7"
    resolved "https://registry.yarnpkg.com/debug/-/debug-3.2.7.tgz#72580b7e9145fb39b6676f9c5e5fb100b934179a"
    dependencies:
      ms "^2.1.1"
  
  debug@^4.1.1:
    version "4.1.1"
    resolved "https://registry.npmjs.org/debug/-/debug-4.1.1.tgz"
    dependencies:
      ms "^2.1.1"
  
  decamelize@^1.0.0:
    version "1.2.0"
    resolved "https://registry.npmjs.org/decamelize/-/decamelize-1.2.0.tgz"
  
  decode-uri-component@^0.2.0:
    version "0.2.0"
    resolved "https://registry.npmjs.org/decode-uri-component/-/decode-uri-component-0.2.0.tgz"
  
  decompress-response@^3.2.0, decompress-response@^3.3.0:
    version "3.3.0"
    resolved "https://registry.npmjs.org/decompress-response/-/decompress-response-3.3.0.tgz"
    dependencies:
      mimic-response "^1.0.0"
  
  deep-extend@^0.6.0:
    version "0.6.0"
    resolved "https://registry.yarnpkg.com/deep-extend/-/deep-extend-0.6.0.tgz#c4fa7c95404a17a9c3e8ca7e1537312b736330ac"
  
  defer-to-connect@^1.0.1:
    version "1.1.3"
    resolved "https://registry.npmjs.org/defer-to-connect/-/defer-to-connect-1.1.3.tgz"
  
  delayed-stream@~1.0.0:
    version "1.0.0"
    resolved "https://registry.npmjs.org/delayed-stream/-/delayed-stream-1.0.0.tgz"
  
  depd@~1.1.2:
    version "1.1.2"
    resolved "https://registry.npmjs.org/depd/-/depd-1.1.2.tgz"
  
  des.js@^1.0.0:
    version "1.0.1"
    resolved "https://registry.npmjs.org/des.js/-/des.js-1.0.1.tgz"
    dependencies:
      inherits "^2.0.1"
      minimalistic-assert "^1.0.0"
  
  destroy@~1.0.4:
    version "1.0.4"
    resolved "https://registry.npmjs.org/destroy/-/destroy-1.0.4.tgz"
  
  diff@^4.0.1:
    version "4.0.2"
    resolved "https://registry.npmjs.org/diff/-/diff-4.0.2.tgz"
  
  diffie-hellman@^5.0.0:
    version "5.0.3"
    resolved "https://registry.npmjs.org/diffie-hellman/-/diffie-hellman-5.0.3.tgz"
    dependencies:
      bn.js "^4.1.0"
      miller-rabin "^4.0.0"
      randombytes "^2.0.0"
  
  dom-walk@^0.1.0:
    version "0.1.2"
    resolved "https://registry.npmjs.org/dom-walk/-/dom-walk-0.1.2.tgz"
  
  dot-prop@^5.2.0:
    version "5.3.0"
    resolved "https://registry.yarnpkg.com/dot-prop/-/dot-prop-5.3.0.tgz#90ccce708cd9cd82cc4dc8c3ddd9abdd55b20e88"
    dependencies:
      is-obj "^2.0.0"
  
  dottie@^2.0.0:
    version "2.0.2"
    resolved "https://registry.npmjs.org/dottie/-/dottie-2.0.2.tgz"
  
  duplexer3@^0.1.4:
    version "0.1.4"
    resolved "https://registry.npmjs.org/duplexer3/-/duplexer3-0.1.4.tgz"
  
  ecc-jsbn@~0.1.1:
    version "0.1.2"
    resolved "https://registry.npmjs.org/ecc-jsbn/-/ecc-jsbn-0.1.2.tgz"
    dependencies:
      jsbn "~0.1.0"
      safer-buffer "^2.1.0"
  
  ee-first@1.1.1:
    version "1.1.1"
    resolved "https://registry.npmjs.org/ee-first/-/ee-first-1.1.1.tgz"
  
  elliptic@6.5.3, elliptic@^6.0.0, elliptic@^6.4.0, elliptic@^6.5.2:
    version "6.5.3"
    resolved "https://registry.npmjs.org/elliptic/-/elliptic-6.5.3.tgz"
    dependencies:
      bn.js "^4.4.0"
      brorand "^1.0.1"
      hash.js "^1.0.0"
      hmac-drbg "^1.0.0"
      inherits "^2.0.1"
      minimalistic-assert "^1.0.0"
      minimalistic-crypto-utils "^1.0.0"
  
  emoji-regex@^7.0.1:
    version "7.0.3"
    resolved "https://registry.yarnpkg.com/emoji-regex/-/emoji-regex-7.0.3.tgz#933a04052860c85e83c122479c4748a8e4c72156"
  
  emoji-regex@^8.0.0:
    version "8.0.0"
    resolved "https://registry.yarnpkg.com/emoji-regex/-/emoji-regex-8.0.0.tgz#e818fd69ce5ccfcb404594f842963bf53164cc37"
  
  encodeurl@~1.0.2:
    version "1.0.2"
    resolved "https://registry.npmjs.org/encodeurl/-/encodeurl-1.0.2.tgz"
  
  end-of-stream@^1.1.0:
    version "1.4.4"
    resolved "https://registry.npmjs.org/end-of-stream/-/end-of-stream-1.4.4.tgz"
    dependencies:
      once "^1.4.0"
  
  es5-ext@^0.10.35, es5-ext@^0.10.50:
    version "0.10.53"
    resolved "https://registry.npmjs.org/es5-ext/-/es5-ext-0.10.53.tgz"
    dependencies:
      es6-iterator "~2.0.3"
      es6-symbol "~3.1.3"
      next-tick "~1.0.0"
  
  es6-iterator@~2.0.3:
    version "2.0.3"
    resolved "https://registry.npmjs.org/es6-iterator/-/es6-iterator-2.0.3.tgz"
    dependencies:
      d "1"
      es5-ext "^0.10.35"
      es6-symbol "^3.1.1"
  
  es6-symbol@^3.1.1, es6-symbol@~3.1.3:
    version "3.1.3"
    resolved "https://registry.npmjs.org/es6-symbol/-/es6-symbol-3.1.3.tgz"
    dependencies:
      d "^1.0.1"
      ext "^1.1.2"
  
  escape-goat@^2.0.0:
    version "2.1.1"
    resolved "https://registry.yarnpkg.com/escape-goat/-/escape-goat-2.1.1.tgz#1b2dc77003676c457ec760b2dc68edb648188675"
  
  escape-html@~1.0.3:
    version "1.0.3"
    resolved "https://registry.npmjs.org/escape-html/-/escape-html-1.0.3.tgz"
  
  etag@~1.8.1:
    version "1.8.1"
    resolved "https://registry.npmjs.org/etag/-/etag-1.8.1.tgz"
  
  eth-ens-namehash@2.0.8:
    version "2.0.8"
    resolved "https://registry.npmjs.org/eth-ens-namehash/-/eth-ens-namehash-2.0.8.tgz"
    dependencies:
      idna-uts46-hx "^2.3.1"
      js-sha3 "^0.5.7"
  
  eth-lib@0.2.8:
    version "0.2.8"
    resolved "https://registry.npmjs.org/eth-lib/-/eth-lib-0.2.8.tgz"
    dependencies:
      bn.js "^4.11.6"
      elliptic "^6.4.0"
      xhr-request-promise "^0.1.2"
  
  eth-lib@^0.1.26:
    version "0.1.29"
    resolved "https://registry.npmjs.org/eth-lib/-/eth-lib-0.1.29.tgz"
    dependencies:
      bn.js "^4.11.6"
      elliptic "^6.4.0"
      nano-json-stream-parser "^0.1.2"
      servify "^0.1.12"
      ws "^3.0.0"
      xhr-request-promise "^0.1.2"
  
  ethereum-bloom-filters@^1.0.6:
    version "1.0.7"
    resolved "https://registry.npmjs.org/ethereum-bloom-filters/-/ethereum-bloom-filters-1.0.7.tgz"
    dependencies:
      js-sha3 "^0.8.0"
  
  ethereum-cryptography@^0.1.3:
    version "0.1.3"
    resolved "https://registry.npmjs.org/ethereum-cryptography/-/ethereum-cryptography-0.1.3.tgz"
    dependencies:
      "@types/pbkdf2" "^3.0.0"
      "@types/secp256k1" "^4.0.1"
      blakejs "^1.1.0"
      browserify-aes "^1.2.0"
      bs58check "^2.1.2"
      create-hash "^1.2.0"
      create-hmac "^1.1.7"
      hash.js "^1.1.7"
      keccak "^3.0.0"
      pbkdf2 "^3.0.17"
      randombytes "^2.1.0"
      safe-buffer "^5.1.2"
      scrypt-js "^3.0.0"
      secp256k1 "^4.0.1"
      setimmediate "^1.0.5"
  
  ethereumjs-common@^1.3.2, ethereumjs-common@^1.5.0:
    version "1.5.2"
    resolved "https://registry.npmjs.org/ethereumjs-common/-/ethereumjs-common-1.5.2.tgz"
  
  ethereumjs-tx@^2.1.1:
    version "2.1.2"
    resolved "https://registry.npmjs.org/ethereumjs-tx/-/ethereumjs-tx-2.1.2.tgz"
    dependencies:
      ethereumjs-common "^1.5.0"
      ethereumjs-util "^6.0.0"
  
  ethereumjs-util@^6.0.0:
    version "6.2.1"
    resolved "https://registry.npmjs.org/ethereumjs-util/-/ethereumjs-util-6.2.1.tgz"
    dependencies:
      "@types/bn.js" "^4.11.3"
      bn.js "^4.11.0"
      create-hash "^1.1.2"
      elliptic "^6.5.2"
      ethereum-cryptography "^0.1.3"
      ethjs-util "0.1.6"
      rlp "^2.2.3"
  
  ethjs-unit@0.1.6:
    version "0.1.6"
    resolved "https://registry.npmjs.org/ethjs-unit/-/ethjs-unit-0.1.6.tgz"
    dependencies:
      bn.js "4.11.6"
      number-to-bn "1.7.0"
  
  ethjs-util@0.1.6:
    version "0.1.6"
    resolved "https://registry.npmjs.org/ethjs-util/-/ethjs-util-0.1.6.tgz"
    dependencies:
      is-hex-prefixed "1.0.0"
      strip-hex-prefix "1.0.0"
  
  eventemitter3@4.0.4:
    version "4.0.4"
    resolved "https://registry.npmjs.org/eventemitter3/-/eventemitter3-4.0.4.tgz"
  
  evp_bytestokey@^1.0.0, evp_bytestokey@^1.0.3:
    version "1.0.3"
    resolved "https://registry.npmjs.org/evp_bytestokey/-/evp_bytestokey-1.0.3.tgz"
    dependencies:
      md5.js "^1.3.4"
      safe-buffer "^5.1.1"
  
  express@^4.14.0, express@~4.16.1:
    version "4.16.4"
    resolved "https://registry.npmjs.org/express/-/express-4.16.4.tgz"
    dependencies:
      accepts "~1.3.5"
      array-flatten "1.1.1"
      body-parser "1.18.3"
      content-disposition "0.5.2"
      content-type "~1.0.4"
      cookie "0.3.1"
      cookie-signature "1.0.6"
      debug "2.6.9"
      depd "~1.1.2"
      encodeurl "~1.0.2"
      escape-html "~1.0.3"
      etag "~1.8.1"
      finalhandler "1.1.1"
      fresh "0.5.2"
      merge-descriptors "1.0.1"
      methods "~1.1.2"
      on-finished "~2.3.0"
      parseurl "~1.3.2"
      path-to-regexp "0.1.7"
      proxy-addr "~2.0.4"
      qs "6.5.2"
      range-parser "~1.2.0"
      safe-buffer "5.1.2"
      send "0.16.2"
      serve-static "1.13.2"
      setprototypeof "1.1.0"
      statuses "~1.4.0"
      type-is "~1.6.16"
      utils-merge "1.0.1"
      vary "~1.1.2"
  
  ext@^1.1.2:
    version "1.4.0"
    resolved "https://registry.npmjs.org/ext/-/ext-1.4.0.tgz"
    dependencies:
      type "^2.0.0"
  
  extend@~3.0.2:
    version "3.0.2"
    resolved "https://registry.npmjs.org/extend/-/extend-3.0.2.tgz"
  
  extsprintf@1.3.0, extsprintf@^1.2.0:
    version "1.3.0"
    resolved "https://registry.npmjs.org/extsprintf/-/extsprintf-1.3.0.tgz"
  
  fast-deep-equal@^3.1.1:
    version "3.1.3"
    resolved "https://registry.npmjs.org/fast-deep-equal/-/fast-deep-equal-3.1.3.tgz"
  
  fast-json-stable-stringify@^2.0.0:
    version "2.1.0"
    resolved "https://registry.npmjs.org/fast-json-stable-stringify/-/fast-json-stable-stringify-2.1.0.tgz"
  
  fill-range@^7.0.1:
    version "7.0.1"
    resolved "https://registry.yarnpkg.com/fill-range/-/fill-range-7.0.1.tgz#1919a6a7c75fe38b2c7c77e5198535da9acdda40"
    dependencies:
      to-regex-range "^5.0.1"
  
  finalhandler@1.1.1:
    version "1.1.1"
    resolved "https://registry.npmjs.org/finalhandler/-/finalhandler-1.1.1.tgz"
    dependencies:
      debug "2.6.9"
      encodeurl "~1.0.2"
      escape-html "~1.0.3"
      on-finished "~2.3.0"
      parseurl "~1.3.2"
      statuses "~1.4.0"
      unpipe "~1.0.0"
  
  forever-agent@~0.6.1:
    version "0.6.1"
    resolved "https://registry.npmjs.org/forever-agent/-/forever-agent-0.6.1.tgz"
  
  form-data@~2.3.2:
    version "2.3.3"
    resolved "https://registry.npmjs.org/form-data/-/form-data-2.3.3.tgz"
    dependencies:
      asynckit "^0.4.0"
      combined-stream "^1.0.6"
      mime-types "^2.1.12"
  
  forwarded@~0.1.2:
    version "0.1.2"
    resolved "https://registry.npmjs.org/forwarded/-/forwarded-0.1.2.tgz"
  
  fresh@0.5.2:
    version "0.5.2"
    resolved "https://registry.npmjs.org/fresh/-/fresh-0.5.2.tgz"
  
  fs-extra@^4.0.2:
    version "4.0.3"
    resolved "https://registry.npmjs.org/fs-extra/-/fs-extra-4.0.3.tgz"
    dependencies:
      graceful-fs "^4.1.2"
      jsonfile "^4.0.0"
      universalify "^0.1.0"
  
  fs-minipass@^1.2.5:
    version "1.2.7"
    resolved "https://registry.npmjs.org/fs-minipass/-/fs-minipass-1.2.7.tgz"
    dependencies:
      minipass "^2.6.0"
  
  fsevents@~2.3.1:
    version "2.3.1"
    resolved "https://registry.yarnpkg.com/fsevents/-/fsevents-2.3.1.tgz#b209ab14c61012636c8863507edf7fb68cc54e9f"
  
  get-stream@^3.0.0:
    version "3.0.0"
    resolved "https://registry.npmjs.org/get-stream/-/get-stream-3.0.0.tgz"
  
  get-stream@^4.1.0:
    version "4.1.0"
    resolved "https://registry.npmjs.org/get-stream/-/get-stream-4.1.0.tgz"
    dependencies:
      pump "^3.0.0"
  
  get-stream@^5.1.0:
    version "5.1.0"
    resolved "https://registry.npmjs.org/get-stream/-/get-stream-5.1.0.tgz"
    dependencies:
      pump "^3.0.0"
  
  getpass@^0.1.1:
    version "0.1.7"
    resolved "https://registry.npmjs.org/getpass/-/getpass-0.1.7.tgz"
    dependencies:
      assert-plus "^1.0.0"
  
  glob-parent@~5.1.0:
    version "5.1.1"
    resolved "https://registry.yarnpkg.com/glob-parent/-/glob-parent-5.1.1.tgz#b6c1ef417c4e5663ea498f1c45afac6916bbc229"
    dependencies:
      is-glob "^4.0.1"
  
  global-dirs@^2.0.1:
    version "2.1.0"
    resolved "https://registry.yarnpkg.com/global-dirs/-/global-dirs-2.1.0.tgz#e9046a49c806ff04d6c1825e196c8f0091e8df4d"
    dependencies:
      ini "1.3.7"
  
  global@~4.3.0:
    version "4.3.2"
    resolved "https://registry.npmjs.org/global/-/global-4.3.2.tgz"
    dependencies:
      min-document "^2.19.0"
      process "~0.5.1"
  
  got@9.6.0, got@^9.6.0:
    version "9.6.0"
    resolved "https://registry.npmjs.org/got/-/got-9.6.0.tgz"
    dependencies:
      "@sindresorhus/is" "^0.14.0"
      "@szmarczak/http-timer" "^1.1.2"
      cacheable-request "^6.0.0"
      decompress-response "^3.3.0"
      duplexer3 "^0.1.4"
      get-stream "^4.1.0"
      lowercase-keys "^1.0.1"
      mimic-response "^1.0.1"
      p-cancelable "^1.0.0"
      to-readable-stream "^1.0.0"
      url-parse-lax "^3.0.0"
  
  got@^7.1.0:
    version "7.1.0"
    resolved "https://registry.npmjs.org/got/-/got-7.1.0.tgz"
    dependencies:
      decompress-response "^3.2.0"
      duplexer3 "^0.1.4"
      get-stream "^3.0.0"
      is-plain-obj "^1.1.0"
      is-retry-allowed "^1.0.0"
      is-stream "^1.0.0"
      isurl "^1.0.0-alpha5"
      lowercase-keys "^1.0.0"
      p-cancelable "^0.3.0"
      p-timeout "^1.1.1"
      safe-buffer "^5.0.1"
      timed-out "^4.0.0"
      url-parse-lax "^1.0.0"
      url-to-options "^1.0.1"
  
  graceful-fs@^4.1.2, graceful-fs@^4.1.6:
    version "4.2.4"
    resolved "https://registry.npmjs.org/graceful-fs/-/graceful-fs-4.2.4.tgz"
  
  "graceful-readlink@>= 1.0.0":
    version "1.0.1"
    resolved "https://registry.npmjs.org/graceful-readlink/-/graceful-readlink-1.0.1.tgz"
  
  har-schema@^2.0.0:
    version "2.0.0"
    resolved "https://registry.npmjs.org/har-schema/-/har-schema-2.0.0.tgz"
  
  har-validator@~5.1.3:
    version "5.1.3"
    resolved "https://registry.npmjs.org/har-validator/-/har-validator-5.1.3.tgz"
    dependencies:
      ajv "^6.5.5"
      har-schema "^2.0.0"
  
  has-flag@^3.0.0:
    version "3.0.0"
    resolved "https://registry.yarnpkg.com/has-flag/-/has-flag-3.0.0.tgz#b5d454dc2199ae225699f3467e5a07f3b955bafd"
  
  has-flag@^4.0.0:
    version "4.0.0"
    resolved "https://registry.yarnpkg.com/has-flag/-/has-flag-4.0.0.tgz#944771fd9c81c81265c4d6941860da06bb59479b"
  
  has-symbol-support-x@^1.4.1:
    version "1.4.2"
    resolved "https://registry.npmjs.org/has-symbol-support-x/-/has-symbol-support-x-1.4.2.tgz"
  
  has-to-string-tag-x@^1.2.0:
    version "1.4.1"
    resolved "https://registry.npmjs.org/has-to-string-tag-x/-/has-to-string-tag-x-1.4.1.tgz"
    dependencies:
      has-symbol-support-x "^1.4.1"
  
  has-yarn@^2.1.0:
    version "2.1.0"
    resolved "https://registry.yarnpkg.com/has-yarn/-/has-yarn-2.1.0.tgz#137e11354a7b5bf11aa5cb649cf0c6f3ff2b2e77"
  
  hash-base@^3.0.0:
    version "3.1.0"
    resolved "https://registry.npmjs.org/hash-base/-/hash-base-3.1.0.tgz"
    dependencies:
      inherits "^2.0.4"
      readable-stream "^3.6.0"
      safe-buffer "^5.2.0"
  
  hash.js@^1.0.0, hash.js@^1.0.3, hash.js@^1.1.7:
    version "1.1.7"
    resolved "https://registry.npmjs.org/hash.js/-/hash.js-1.1.7.tgz"
    dependencies:
      inherits "^2.0.3"
      minimalistic-assert "^1.0.1"
  
  hmac-drbg@^1.0.0:
    version "1.0.1"
    resolved "https://registry.npmjs.org/hmac-drbg/-/hmac-drbg-1.0.1.tgz"
    dependencies:
      hash.js "^1.0.3"
      minimalistic-assert "^1.0.0"
      minimalistic-crypto-utils "^1.0.1"
  
  http-cache-semantics@^4.0.0:
    version "4.1.0"
    resolved "https://registry.npmjs.org/http-cache-semantics/-/http-cache-semantics-4.1.0.tgz"
  
  http-errors@1.6.3, http-errors@~1.6.2, http-errors@~1.6.3:
    version "1.6.3"
    resolved "https://registry.npmjs.org/http-errors/-/http-errors-1.6.3.tgz"
    dependencies:
      depd "~1.1.2"
      inherits "2.0.3"
      setprototypeof "1.1.0"
      statuses ">= 1.4.0 < 2"
  
  http-https@^1.0.0:
    version "1.0.0"
    resolved "https://registry.npmjs.org/http-https/-/http-https-1.0.0.tgz"
  
  http-signature@~1.2.0:
    version "1.2.0"
    resolved "https://registry.npmjs.org/http-signature/-/http-signature-1.2.0.tgz"
    dependencies:
      assert-plus "^1.0.0"
      jsprim "^1.2.2"
      sshpk "^1.7.0"
  
  iconv-lite@0.4.23:
    version "0.4.23"
    resolved "https://registry.npmjs.org/iconv-lite/-/iconv-lite-0.4.23.tgz"
    dependencies:
      safer-buffer ">= 2.1.2 < 3"
  
  idna-uts46-hx@^2.3.1:
    version "2.3.1"
    resolved "https://registry.npmjs.org/idna-uts46-hx/-/idna-uts46-hx-2.3.1.tgz"
    dependencies:
      punycode "2.1.0"
  
  ieee754@^1.1.4:
    version "1.1.13"
    resolved "https://registry.npmjs.org/ieee754/-/ieee754-1.1.13.tgz"
  
  ignore-by-default@^1.0.1:
    version "1.0.1"
    resolved "https://registry.yarnpkg.com/ignore-by-default/-/ignore-by-default-1.0.1.tgz#48ca6d72f6c6a3af00a9ad4ae6876be3889e2b09"
  
  import-lazy@^2.1.0:
    version "2.1.0"
    resolved "https://registry.yarnpkg.com/import-lazy/-/import-lazy-2.1.0.tgz#05698e3d45c88e8d7e9d92cb0584e77f096f3e43"
  
  imurmurhash@^0.1.4:
    version "0.1.4"
    resolved "https://registry.yarnpkg.com/imurmurhash/-/imurmurhash-0.1.4.tgz#9218b9b2b928a238b13dc4fb6b6d576f231453ea"
  
  inflection@1.12.0:
    version "1.12.0"
    resolved "https://registry.npmjs.org/inflection/-/inflection-1.12.0.tgz"
  
  inherits@2.0.3, inherits@^2.0.1, inherits@^2.0.3:
    version "2.0.3"
    resolved "https://registry.npmjs.org/inherits/-/inherits-2.0.3.tgz"
  
  inherits@^2.0.4:
    version "2.0.4"
    resolved "https://registry.npmjs.org/inherits/-/inherits-2.0.4.tgz"
  
  ini@1.3.7:
    version "1.3.7"
    resolved "https://registry.yarnpkg.com/ini/-/ini-1.3.7.tgz#a09363e1911972ea16d7a8851005d84cf09a9a84"
  
  ini@~1.3.0:
    version "1.3.8"
    resolved "https://registry.yarnpkg.com/ini/-/ini-1.3.8.tgz#a29da425b48806f34767a4efce397269af28432c"
  
  ipaddr.js@1.9.1:
    version "1.9.1"
    resolved "https://registry.npmjs.org/ipaddr.js/-/ipaddr.js-1.9.1.tgz"
  
  is-binary-path@~2.1.0:
    version "2.1.0"
    resolved "https://registry.yarnpkg.com/is-binary-path/-/is-binary-path-2.1.0.tgz#ea1f7f3b80f064236e83470f86c09c254fb45b09"
    dependencies:
      binary-extensions "^2.0.0"
  
  is-buffer@^1.1.5:
    version "1.1.6"
    resolved "https://registry.npmjs.org/is-buffer/-/is-buffer-1.1.6.tgz"
  
  is-ci@^2.0.0:
    version "2.0.0"
    resolved "https://registry.yarnpkg.com/is-ci/-/is-ci-2.0.0.tgz#6bc6334181810e04b5c22b3d589fdca55026404c"
    dependencies:
      ci-info "^2.0.0"
  
  is-extglob@^2.1.1:
    version "2.1.1"
    resolved "https://registry.yarnpkg.com/is-extglob/-/is-extglob-2.1.1.tgz#a88c02535791f02ed37c76a1b9ea9773c833f8c2"
  
  is-fullwidth-code-point@^2.0.0:
    version "2.0.0"
    resolved "https://registry.yarnpkg.com/is-fullwidth-code-point/-/is-fullwidth-code-point-2.0.0.tgz#a3b30a5c4f199183167aaab93beefae3ddfb654f"
  
  is-fullwidth-code-point@^3.0.0:
    version "3.0.0"
    resolved "https://registry.yarnpkg.com/is-fullwidth-code-point/-/is-fullwidth-code-point-3.0.0.tgz#f116f8064fe90b3f7844a38997c0b75051269f1d"
  
  is-function@^1.0.1:
    version "1.0.2"
    resolved "https://registry.npmjs.org/is-function/-/is-function-1.0.2.tgz"
  
  is-glob@^4.0.1, is-glob@~4.0.1:
    version "4.0.1"
    resolved "https://registry.yarnpkg.com/is-glob/-/is-glob-4.0.1.tgz#7567dbe9f2f5e2467bc77ab83c4a29482407a5dc"
    dependencies:
      is-extglob "^2.1.1"
  
  is-hex-prefixed@1.0.0:
    version "1.0.0"
    resolved "https://registry.npmjs.org/is-hex-prefixed/-/is-hex-prefixed-1.0.0.tgz"
  
  is-installed-globally@^0.3.1:
    version "0.3.2"
    resolved "https://registry.yarnpkg.com/is-installed-globally/-/is-installed-globally-0.3.2.tgz#fd3efa79ee670d1187233182d5b0a1dd00313141"
    dependencies:
      global-dirs "^2.0.1"
      is-path-inside "^3.0.1"
  
  is-npm@^4.0.0:
    version "4.0.0"
    resolved "https://registry.yarnpkg.com/is-npm/-/is-npm-4.0.0.tgz#c90dd8380696df87a7a6d823c20d0b12bbe3c84d"
  
  is-number@^7.0.0:
    version "7.0.0"
    resolved "https://registry.yarnpkg.com/is-number/-/is-number-7.0.0.tgz#7535345b896734d5f80c4d06c50955527a14f12b"
  
  is-obj@^2.0.0:
    version "2.0.0"
    resolved "https://registry.yarnpkg.com/is-obj/-/is-obj-2.0.0.tgz#473fb05d973705e3fd9620545018ca8e22ef4982"
  
  is-object@^1.0.1:
    version "1.0.1"
    resolved "https://registry.npmjs.org/is-object/-/is-object-1.0.1.tgz"
  
  is-path-inside@^3.0.1:
    version "3.0.2"
    resolved "https://registry.yarnpkg.com/is-path-inside/-/is-path-inside-3.0.2.tgz#f5220fc82a3e233757291dddc9c5877f2a1f3017"
  
  is-plain-obj@^1.1.0:
    version "1.1.0"
    resolved "https://registry.npmjs.org/is-plain-obj/-/is-plain-obj-1.1.0.tgz"
  
  is-promise@^2.0.0:
    version "2.2.2"
    resolved "https://registry.npmjs.org/is-promise/-/is-promise-2.2.2.tgz"
  
  is-promise@~1:
    version "1.0.1"
    resolved "https://registry.npmjs.org/is-promise/-/is-promise-1.0.1.tgz"
  
  is-retry-allowed@^1.0.0:
    version "1.2.0"
    resolved "https://registry.npmjs.org/is-retry-allowed/-/is-retry-allowed-1.2.0.tgz"
  
  is-stream@^1.0.0:
    version "1.1.0"
    resolved "https://registry.npmjs.org/is-stream/-/is-stream-1.1.0.tgz"
  
  is-typedarray@^1.0.0, is-typedarray@~1.0.0:
    version "1.0.0"
    resolved "https://registry.npmjs.org/is-typedarray/-/is-typedarray-1.0.0.tgz"
  
  is-yarn-global@^0.3.0:
    version "0.3.0"
    resolved "https://registry.yarnpkg.com/is-yarn-global/-/is-yarn-global-0.3.0.tgz#d502d3382590ea3004893746754c89139973e232"
  
  isstream@~0.1.2:
    version "0.1.2"
    resolved "https://registry.npmjs.org/isstream/-/isstream-0.1.2.tgz"
  
  isurl@^1.0.0-alpha5:
    version "1.0.0"
    resolved "https://registry.npmjs.org/isurl/-/isurl-1.0.0.tgz"
    dependencies:
      has-to-string-tag-x "^1.2.0"
      is-object "^1.0.1"
  
  jade@~1.11.0:
    version "1.11.0"
    resolved "https://registry.npmjs.org/jade/-/jade-1.11.0.tgz"
    dependencies:
      character-parser "1.2.1"
      clean-css "^3.1.9"
      commander "~2.6.0"
      constantinople "~3.0.1"
      jstransformer "0.0.2"
      mkdirp "~0.5.0"
      transformers "2.1.0"
      uglify-js "^2.4.19"
      void-elements "~2.0.1"
      with "~4.0.0"
  
  js-sha3@0.5.7, js-sha3@^0.5.7:
    version "0.5.7"
    resolved "https://registry.npmjs.org/js-sha3/-/js-sha3-0.5.7.tgz"
  
  js-sha3@^0.8.0:
    version "0.8.0"
    resolved "https://registry.npmjs.org/js-sha3/-/js-sha3-0.8.0.tgz"
  
  jsbn@~0.1.0:
    version "0.1.1"
    resolved "https://registry.npmjs.org/jsbn/-/jsbn-0.1.1.tgz"
  
  json-buffer@3.0.0:
    version "3.0.0"
    resolved "https://registry.npmjs.org/json-buffer/-/json-buffer-3.0.0.tgz"
  
  json-schema-traverse@^0.4.1:
    version "0.4.1"
    resolved "https://registry.npmjs.org/json-schema-traverse/-/json-schema-traverse-0.4.1.tgz"
  
  json-schema@0.2.3:
    version "0.2.3"
    resolved "https://registry.npmjs.org/json-schema/-/json-schema-0.2.3.tgz"
  
  json-stringify-safe@~5.0.1:
    version "5.0.1"
    resolved "https://registry.npmjs.org/json-stringify-safe/-/json-stringify-safe-5.0.1.tgz"
  
  jsonfile@^4.0.0:
    version "4.0.0"
    resolved "https://registry.npmjs.org/jsonfile/-/jsonfile-4.0.0.tgz"
    optionalDependencies:
      graceful-fs "^4.1.6"
  
  jsprim@^1.2.2:
    version "1.4.1"
    resolved "https://registry.npmjs.org/jsprim/-/jsprim-1.4.1.tgz"
    dependencies:
      assert-plus "1.0.0"
      extsprintf "1.3.0"
      json-schema "0.2.3"
      verror "1.10.0"
  
  jstransformer@0.0.2:
    version "0.0.2"
    resolved "https://registry.npmjs.org/jstransformer/-/jstransformer-0.0.2.tgz"
    dependencies:
      is-promise "^2.0.0"
      promise "^6.0.1"
  
  keccak@^3.0.0:
    version "3.0.1"
    resolved "https://registry.npmjs.org/keccak/-/keccak-3.0.1.tgz"
    dependencies:
      node-addon-api "^2.0.0"
      node-gyp-build "^4.2.0"
  
  keyv@^3.0.0:
    version "3.1.0"
    resolved "https://registry.npmjs.org/keyv/-/keyv-3.1.0.tgz"
    dependencies:
      json-buffer "3.0.0"
  
  kind-of@^3.0.2:
    version "3.2.2"
    resolved "https://registry.npmjs.org/kind-of/-/kind-of-3.2.2.tgz"
    dependencies:
      is-buffer "^1.1.5"
  
  latest-version@^5.0.0:
    version "5.1.0"
    resolved "https://registry.yarnpkg.com/latest-version/-/latest-version-5.1.0.tgz#119dfe908fe38d15dfa43ecd13fa12ec8832face"
    dependencies:
      package-json "^6.3.0"
  
  lazy-cache@^1.0.3:
    version "1.0.4"
    resolved "https://registry.npmjs.org/lazy-cache/-/lazy-cache-1.0.4.tgz"
  
  lodash@^4.17.15:
    version "4.17.19"
    resolved "https://registry.npmjs.org/lodash/-/lodash-4.17.19.tgz"
  
  longest@^1.0.1:
    version "1.0.1"
    resolved "https://registry.npmjs.org/longest/-/longest-1.0.1.tgz"
  
  lowercase-keys@^1.0.0, lowercase-keys@^1.0.1:
    version "1.0.1"
    resolved "https://registry.npmjs.org/lowercase-keys/-/lowercase-keys-1.0.1.tgz"
  
  lowercase-keys@^2.0.0:
    version "2.0.0"
    resolved "https://registry.npmjs.org/lowercase-keys/-/lowercase-keys-2.0.0.tgz"
  
  make-dir@^3.0.0:
    version "3.1.0"
    resolved "https://registry.yarnpkg.com/make-dir/-/make-dir-3.1.0.tgz#415e967046b3a7f1d185277d84aa58203726a13f"
    dependencies:
      semver "^6.0.0"
  
  make-error@^1.1.1:
    version "1.3.6"
    resolved "https://registry.npmjs.org/make-error/-/make-error-1.3.6.tgz"
  
  md5.js@^1.3.4:
    version "1.3.5"
    resolved "https://registry.npmjs.org/md5.js/-/md5.js-1.3.5.tgz"
    dependencies:
      hash-base "^3.0.0"
      inherits "^2.0.1"
      safe-buffer "^5.1.2"
  
  media-typer@0.3.0:
    version "0.3.0"
    resolved "https://registry.npmjs.org/media-typer/-/media-typer-0.3.0.tgz"
  
  merge-descriptors@1.0.1:
    version "1.0.1"
    resolved "https://registry.npmjs.org/merge-descriptors/-/merge-descriptors-1.0.1.tgz"
  
  methods@~1.1.2:
    version "1.1.2"
    resolved "https://registry.npmjs.org/methods/-/methods-1.1.2.tgz"
  
  miller-rabin@^4.0.0:
    version "4.0.1"
    resolved "https://registry.npmjs.org/miller-rabin/-/miller-rabin-4.0.1.tgz"
    dependencies:
      bn.js "^4.0.0"
      brorand "^1.0.1"
  
  mime-db@1.44.0:
    version "1.44.0"
    resolved "https://registry.npmjs.org/mime-db/-/mime-db-1.44.0.tgz"
  
  mime-types@^2.1.12, mime-types@^2.1.16, mime-types@~2.1.19, mime-types@~2.1.24:
    version "2.1.27"
    resolved "https://registry.npmjs.org/mime-types/-/mime-types-2.1.27.tgz"
    dependencies:
      mime-db "1.44.0"
  
  mime@1.4.1:
    version "1.4.1"
    resolved "https://registry.npmjs.org/mime/-/mime-1.4.1.tgz"
  
  mimic-response@^1.0.0, mimic-response@^1.0.1:
    version "1.0.1"
    resolved "https://registry.npmjs.org/mimic-response/-/mimic-response-1.0.1.tgz"
  
  min-document@^2.19.0:
    version "2.19.0"
    resolved "https://registry.npmjs.org/min-document/-/min-document-2.19.0.tgz"
    dependencies:
      dom-walk "^0.1.0"
  
  minimalistic-assert@^1.0.0, minimalistic-assert@^1.0.1:
    version "1.0.1"
    resolved "https://registry.npmjs.org/minimalistic-assert/-/minimalistic-assert-1.0.1.tgz"
  
  minimalistic-crypto-utils@^1.0.0, minimalistic-crypto-utils@^1.0.1:
    version "1.0.1"
    resolved "https://registry.npmjs.org/minimalistic-crypto-utils/-/minimalistic-crypto-utils-1.0.1.tgz"
  
  minimatch@^3.0.4:
    version "3.0.4"
    resolved "https://registry.yarnpkg.com/minimatch/-/minimatch-3.0.4.tgz#5166e286457f03306064be5497e8dbb0c3d32083"
    dependencies:
      brace-expansion "^1.1.7"
  
  minimist@^1.2.0, minimist@^1.2.5:
    version "1.2.5"
    resolved "https://registry.npmjs.org/minimist/-/minimist-1.2.5.tgz"
  
  minipass@^2.6.0, minipass@^2.8.6, minipass@^2.9.0:
    version "2.9.0"
    resolved "https://registry.npmjs.org/minipass/-/minipass-2.9.0.tgz"
    dependencies:
      safe-buffer "^5.1.2"
      yallist "^3.0.0"
  
  minizlib@^1.2.1:
    version "1.3.3"
    resolved "https://registry.npmjs.org/minizlib/-/minizlib-1.3.3.tgz"
    dependencies:
      minipass "^2.9.0"
  
  mkdirp-promise@^5.0.1:
    version "5.0.1"
    resolved "https://registry.npmjs.org/mkdirp-promise/-/mkdirp-promise-5.0.1.tgz"
    dependencies:
      mkdirp "*"
  
  mkdirp@*, mkdirp@^0.5.0, mkdirp@~0.5.0:
    version "0.5.5"
    resolved "https://registry.npmjs.org/mkdirp/-/mkdirp-0.5.5.tgz"
    dependencies:
      minimist "^1.2.5"
  
  mock-fs@^4.1.0:
    version "4.12.0"
    resolved "https://registry.npmjs.org/mock-fs/-/mock-fs-4.12.0.tgz"
  
  moment-timezone@^0.5.31:
    version "0.5.31"
    resolved "https://registry.npmjs.org/moment-timezone/-/moment-timezone-0.5.31.tgz"
    dependencies:
      moment ">= 2.9.0"
  
  "moment@>= 2.9.0", moment@^2.26.0:
    version "2.27.0"
    resolved "https://registry.npmjs.org/moment/-/moment-2.27.0.tgz"
  
  morgan@~1.9.1:
    version "1.9.1"
    resolved "https://registry.npmjs.org/morgan/-/morgan-1.9.1.tgz"
    dependencies:
      basic-auth "~2.0.0"
      debug "2.6.9"
      depd "~1.1.2"
      on-finished "~2.3.0"
      on-headers "~1.0.1"
  
  ms@2.0.0:
    version "2.0.0"
    resolved "https://registry.npmjs.org/ms/-/ms-2.0.0.tgz"
  
  ms@^2.1.1:
    version "2.1.2"
    resolved "https://registry.npmjs.org/ms/-/ms-2.1.2.tgz"
  
  multibase@^0.7.0:
    version "0.7.0"
    resolved "https://registry.npmjs.org/multibase/-/multibase-0.7.0.tgz"
    dependencies:
      base-x "^3.0.8"
      buffer "^5.5.0"
  
  multibase@~0.6.0:
    version "0.6.1"
    resolved "https://registry.npmjs.org/multibase/-/multibase-0.6.1.tgz"
    dependencies:
      base-x "^3.0.8"
      buffer "^5.5.0"
  
  multicodec@^0.5.5:
    version "0.5.7"
    resolved "https://registry.npmjs.org/multicodec/-/multicodec-0.5.7.tgz"
    dependencies:
      varint "^5.0.0"
  
  multicodec@^1.0.0:
    version "1.0.4"
    resolved "https://registry.npmjs.org/multicodec/-/multicodec-1.0.4.tgz"
    dependencies:
      buffer "^5.6.0"
      varint "^5.0.0"
  
  multihashes@^0.4.15, multihashes@~0.4.15:
    version "0.4.21"
    resolved "https://registry.npmjs.org/multihashes/-/multihashes-0.4.21.tgz"
    dependencies:
      buffer "^5.5.0"
      multibase "^0.7.0"
      varint "^5.0.0"
  
  nan@^2.14.0:
    version "2.14.1"
    resolved "https://registry.npmjs.org/nan/-/nan-2.14.1.tgz"
  
  nano-json-stream-parser@^0.1.2:
    version "0.1.2"
    resolved "https://registry.npmjs.org/nano-json-stream-parser/-/nano-json-stream-parser-0.1.2.tgz"
  
  negotiator@0.6.2:
    version "0.6.2"
    resolved "https://registry.npmjs.org/negotiator/-/negotiator-0.6.2.tgz"
  
  next-tick@~1.0.0:
    version "1.0.0"
    resolved "https://registry.npmjs.org/next-tick/-/next-tick-1.0.0.tgz"
  
  node-addon-api@^2.0.0:
    version "2.0.2"
    resolved "https://registry.npmjs.org/node-addon-api/-/node-addon-api-2.0.2.tgz"
  
  node-gyp-build@^4.2.0:
    version "4.2.3"
    resolved "https://registry.npmjs.org/node-gyp-build/-/node-gyp-build-4.2.3.tgz"
  
  nodemon@^2.0.7:
    version "2.0.7"
    resolved "https://registry.yarnpkg.com/nodemon/-/nodemon-2.0.7.tgz#6f030a0a0ebe3ea1ba2a38f71bf9bab4841ced32"
    dependencies:
      chokidar "^3.2.2"
      debug "^3.2.6"
      ignore-by-default "^1.0.1"
      minimatch "^3.0.4"
      pstree.remy "^1.1.7"
      semver "^5.7.1"
      supports-color "^5.5.0"
      touch "^3.1.0"
      undefsafe "^2.0.3"
      update-notifier "^4.1.0"
  
  nopt@~1.0.10:
    version "1.0.10"
    resolved "https://registry.yarnpkg.com/nopt/-/nopt-1.0.10.tgz#6ddd21bd2a31417b92727dd585f8a6f37608ebee"
    dependencies:
      abbrev "1"
  
  normalize-path@^3.0.0, normalize-path@~3.0.0:
    version "3.0.0"
    resolved "https://registry.yarnpkg.com/normalize-path/-/normalize-path-3.0.0.tgz#0dcd69ff23a1c9b11fd0978316644a0388216a65"
  
  normalize-url@^4.1.0:
    version "4.5.0"
    resolved "https://registry.npmjs.org/normalize-url/-/normalize-url-4.5.0.tgz"
  
  number-to-bn@1.7.0:
    version "1.7.0"
    resolved "https://registry.npmjs.org/number-to-bn/-/number-to-bn-1.7.0.tgz"
    dependencies:
      bn.js "4.11.6"
      strip-hex-prefix "1.0.0"
  
  oauth-sign@~0.9.0:
    version "0.9.0"
    resolved "https://registry.npmjs.org/oauth-sign/-/oauth-sign-0.9.0.tgz"
  
  object-assign@^4, object-assign@^4.1.0, object-assign@^4.1.1:
    version "4.1.1"
    resolved "https://registry.npmjs.org/object-assign/-/object-assign-4.1.1.tgz"
  
  oboe@2.1.4:
    version "2.1.4"
    resolved "https://registry.npmjs.org/oboe/-/oboe-2.1.4.tgz"
    dependencies:
      http-https "^1.0.0"
  
  on-finished@~2.3.0:
    version "2.3.0"
    resolved "https://registry.npmjs.org/on-finished/-/on-finished-2.3.0.tgz"
    dependencies:
      ee-first "1.1.1"
  
  on-headers@~1.0.1:
    version "1.0.2"
    resolved "https://registry.npmjs.org/on-headers/-/on-headers-1.0.2.tgz"
  
  once@^1.3.1, once@^1.4.0:
    version "1.4.0"
    resolved "https://registry.npmjs.org/once/-/once-1.4.0.tgz"
    dependencies:
      wrappy "1"
  
  optimist@~0.3.5:
    version "0.3.7"
    resolved "https://registry.npmjs.org/optimist/-/optimist-0.3.7.tgz"
    dependencies:
      wordwrap "~0.0.2"
  
  p-cancelable@^0.3.0:
    version "0.3.0"
    resolved "https://registry.npmjs.org/p-cancelable/-/p-cancelable-0.3.0.tgz"
  
  p-cancelable@^1.0.0:
    version "1.1.0"
    resolved "https://registry.npmjs.org/p-cancelable/-/p-cancelable-1.1.0.tgz"
  
  p-finally@^1.0.0:
    version "1.0.0"
    resolved "https://registry.npmjs.org/p-finally/-/p-finally-1.0.0.tgz"
  
  p-timeout@^1.1.1:
    version "1.2.1"
    resolved "https://registry.npmjs.org/p-timeout/-/p-timeout-1.2.1.tgz"
    dependencies:
      p-finally "^1.0.0"
  
  package-json@^6.3.0:
    version "6.5.0"
    resolved "https://registry.yarnpkg.com/package-json/-/package-json-6.5.0.tgz#6feedaca35e75725876d0b0e64974697fed145b0"
    dependencies:
      got "^9.6.0"
      registry-auth-token "^4.0.0"
      registry-url "^5.0.0"
      semver "^6.2.0"
  
  parse-asn1@^5.0.0, parse-asn1@^5.1.5:
    version "5.1.5"
    resolved "https://registry.npmjs.org/parse-asn1/-/parse-asn1-5.1.5.tgz"
    dependencies:
      asn1.js "^4.0.0"
      browserify-aes "^1.0.0"
      create-hash "^1.1.0"
      evp_bytestokey "^1.0.0"
      pbkdf2 "^3.0.3"
      safe-buffer "^5.1.1"
  
  parse-headers@^2.0.0:
    version "2.0.3"
    resolved "https://registry.npmjs.org/parse-headers/-/parse-headers-2.0.3.tgz"
  
  parseurl@~1.3.2:
    version "1.3.3"
    resolved "https://registry.npmjs.org/parseurl/-/parseurl-1.3.3.tgz"
  
  path-to-regexp@0.1.7:
    version "0.1.7"
    resolved "https://registry.npmjs.org/path-to-regexp/-/path-to-regexp-0.1.7.tgz"
  
  pbkdf2@^3.0.17, pbkdf2@^3.0.3:
    version "3.1.1"
    resolved "https://registry.npmjs.org/pbkdf2/-/pbkdf2-3.1.1.tgz"
    dependencies:
      create-hash "^1.1.2"
      create-hmac "^1.1.4"
      ripemd160 "^2.0.1"
      safe-buffer "^5.0.1"
      sha.js "^2.4.8"
  
  performance-now@^2.1.0:
    version "2.1.0"
    resolved "https://registry.npmjs.org/performance-now/-/performance-now-2.1.0.tgz"
  
  picomatch@^2.0.4, picomatch@^2.2.1:
    version "2.2.2"
    resolved "https://registry.yarnpkg.com/picomatch/-/picomatch-2.2.2.tgz#21f333e9b6b8eaff02468f5146ea406d345f4dad"
  
  prepend-http@^1.0.1:
    version "1.0.4"
    resolved "https://registry.npmjs.org/prepend-http/-/prepend-http-1.0.4.tgz"
  
  prepend-http@^2.0.0:
    version "2.0.0"
    resolved "https://registry.npmjs.org/prepend-http/-/prepend-http-2.0.0.tgz"
  
  prettier@2.2.1:
    version "2.2.1"
    resolved "https://registry.npmjs.org/prettier/-/prettier-2.2.1.tgz"
  
  process@~0.5.1:
    version "0.5.2"
    resolved "https://registry.npmjs.org/process/-/process-0.5.2.tgz"
  
  promise@^6.0.1:
    version "6.1.0"
    resolved "https://registry.npmjs.org/promise/-/promise-6.1.0.tgz"
    dependencies:
      asap "~1.0.0"
  
  promise@~2.0:
    version "2.0.0"
    resolved "https://registry.npmjs.org/promise/-/promise-2.0.0.tgz"
    dependencies:
      is-promise "~1"
  
  proxy-addr@~2.0.4:
    version "2.0.6"
    resolved "https://registry.npmjs.org/proxy-addr/-/proxy-addr-2.0.6.tgz"
    dependencies:
      forwarded "~0.1.2"
      ipaddr.js "1.9.1"
  
  psl@^1.1.28:
    version "1.8.0"
    resolved "https://registry.npmjs.org/psl/-/psl-1.8.0.tgz"
  
  pstree.remy@^1.1.7:
    version "1.1.8"
    resolved "https://registry.yarnpkg.com/pstree.remy/-/pstree.remy-1.1.8.tgz#c242224f4a67c21f686839bbdb4ac282b8373d3a"
  
  public-encrypt@^4.0.0:
    version "4.0.3"
    resolved "https://registry.npmjs.org/public-encrypt/-/public-encrypt-4.0.3.tgz"
    dependencies:
      bn.js "^4.1.0"
      browserify-rsa "^4.0.0"
      create-hash "^1.1.0"
      parse-asn1 "^5.0.0"
      randombytes "^2.0.1"
      safe-buffer "^5.1.2"
  
  pump@^3.0.0:
    version "3.0.0"
    resolved "https://registry.npmjs.org/pump/-/pump-3.0.0.tgz"
    dependencies:
      end-of-stream "^1.1.0"
      once "^1.3.1"
  
  punycode@2.1.0, punycode@^2.1.0:
    version "2.1.0"
    resolved "https://registry.npmjs.org/punycode/-/punycode-2.1.0.tgz"
  
  punycode@^2.1.1:
    version "2.1.1"
    resolved "https://registry.npmjs.org/punycode/-/punycode-2.1.1.tgz"
  
  pupa@^2.0.1:
    version "2.1.1"
    resolved "https://registry.yarnpkg.com/pupa/-/pupa-2.1.1.tgz#f5e8fd4afc2c5d97828faa523549ed8744a20d62"
    dependencies:
      escape-goat "^2.0.0"
  
  qs@6.5.2, qs@~6.5.2:
    version "6.5.2"
    resolved "https://registry.npmjs.org/qs/-/qs-6.5.2.tgz"
  
  query-string@^5.0.1:
    version "5.1.1"
    resolved "https://registry.npmjs.org/query-string/-/query-string-5.1.1.tgz"
    dependencies:
      decode-uri-component "^0.2.0"
      object-assign "^4.1.0"
      strict-uri-encode "^1.0.0"
  
  randombytes@^2.0.0, randombytes@^2.0.1, randombytes@^2.0.5, randombytes@^2.1.0:
    version "2.1.0"
    resolved "https://registry.npmjs.org/randombytes/-/randombytes-2.1.0.tgz"
    dependencies:
      safe-buffer "^5.1.0"
  
  randomfill@^1.0.3:
    version "1.0.4"
    resolved "https://registry.npmjs.org/randomfill/-/randomfill-1.0.4.tgz"
    dependencies:
      randombytes "^2.0.5"
      safe-buffer "^5.1.0"
  
  range-parser@~1.2.0:
    version "1.2.1"
    resolved "https://registry.npmjs.org/range-parser/-/range-parser-1.2.1.tgz"
  
  raw-body@2.3.3:
    version "2.3.3"
    resolved "https://registry.npmjs.org/raw-body/-/raw-body-2.3.3.tgz"
    dependencies:
      bytes "3.0.0"
      http-errors "1.6.3"
      iconv-lite "0.4.23"
      unpipe "1.0.0"
  
  rc@^1.2.8:
    version "1.2.8"
    resolved "https://registry.yarnpkg.com/rc/-/rc-1.2.8.tgz#cd924bf5200a075b83c188cd6b9e211b7fc0d3ed"
    dependencies:
      deep-extend "^0.6.0"
      ini "~1.3.0"
      minimist "^1.2.0"
      strip-json-comments "~2.0.1"
  
  readable-stream@^3.6.0:
    version "3.6.0"
    resolved "https://registry.npmjs.org/readable-stream/-/readable-stream-3.6.0.tgz"
    dependencies:
      inherits "^2.0.3"
      string_decoder "^1.1.1"
      util-deprecate "^1.0.1"
  
  readdirp@~3.5.0:
    version "3.5.0"
    resolved "https://registry.yarnpkg.com/readdirp/-/readdirp-3.5.0.tgz#9ba74c019b15d365278d2e91bb8c48d7b4d42c9e"
    dependencies:
      picomatch "^2.2.1"
  
  registry-auth-token@^4.0.0:
    version "4.2.1"
    resolved "https://registry.yarnpkg.com/registry-auth-token/-/registry-auth-token-4.2.1.tgz#6d7b4006441918972ccd5fedcd41dc322c79b250"
    dependencies:
      rc "^1.2.8"
  
  registry-url@^5.0.0:
    version "5.1.0"
    resolved "https://registry.yarnpkg.com/registry-url/-/registry-url-5.1.0.tgz#e98334b50d5434b81136b44ec638d9c2009c5009"
    dependencies:
      rc "^1.2.8"
  
  repeat-string@^1.5.2:
    version "1.6.1"
    resolved "https://registry.npmjs.org/repeat-string/-/repeat-string-1.6.1.tgz"
  
  request@^2.79.0:
    version "2.88.2"
    resolved "https://registry.npmjs.org/request/-/request-2.88.2.tgz"
    dependencies:
      aws-sign2 "~0.7.0"
      aws4 "^1.8.0"
      caseless "~0.12.0"
      combined-stream "~1.0.6"
      extend "~3.0.2"
      forever-agent "~0.6.1"
      form-data "~2.3.2"
      har-validator "~5.1.3"
      http-signature "~1.2.0"
      is-typedarray "~1.0.0"
      isstream "~0.1.2"
      json-stringify-safe "~5.0.1"
      mime-types "~2.1.19"
      oauth-sign "~0.9.0"
      performance-now "^2.1.0"
      qs "~6.5.2"
      safe-buffer "^5.1.2"
      tough-cookie "~2.5.0"
      tunnel-agent "^0.6.0"
      uuid "^3.3.2"
  
  responselike@^1.0.2:
    version "1.0.2"
    resolved "https://registry.npmjs.org/responselike/-/responselike-1.0.2.tgz"
    dependencies:
      lowercase-keys "^1.0.0"
  
  retry-as-promised@^3.2.0:
    version "3.2.0"
    resolved "https://registry.npmjs.org/retry-as-promised/-/retry-as-promised-3.2.0.tgz"
    dependencies:
      any-promise "^1.3.0"
  
  right-align@^0.1.1:
    version "0.1.3"
    resolved "https://registry.npmjs.org/right-align/-/right-align-0.1.3.tgz"
    dependencies:
      align-text "^0.1.1"
  
  ripemd160@^2.0.0, ripemd160@^2.0.1:
    version "2.0.2"
    resolved "https://registry.npmjs.org/ripemd160/-/ripemd160-2.0.2.tgz"
    dependencies:
      hash-base "^3.0.0"
      inherits "^2.0.1"
  
  rlp@^2.2.3:
    version "2.2.6"
    resolved "https://registry.npmjs.org/rlp/-/rlp-2.2.6.tgz"
    dependencies:
      bn.js "^4.11.1"
  
  safe-buffer@5.1.2, safe-buffer@^5.0.1, safe-buffer@^5.1.0, safe-buffer@^5.1.1, safe-buffer@^5.1.2, safe-buffer@~5.1.0:
    version "5.1.2"
    resolved "https://registry.npmjs.org/safe-buffer/-/safe-buffer-5.1.2.tgz"
  
  safe-buffer@^5.2.0, safe-buffer@~5.2.0:
    version "5.2.1"
    resolved "https://registry.npmjs.org/safe-buffer/-/safe-buffer-5.2.1.tgz"
  
  "safer-buffer@>= 2.1.2 < 3", safer-buffer@^2.0.2, safer-buffer@^2.1.0, safer-buffer@~2.1.0:
    version "2.1.2"
    resolved "https://registry.npmjs.org/safer-buffer/-/safer-buffer-2.1.2.tgz"
  
  scrypt-js@^3.0.0, scrypt-js@^3.0.1:
    version "3.0.1"
    resolved "https://registry.npmjs.org/scrypt-js/-/scrypt-js-3.0.1.tgz"
  
  secp256k1@^4.0.1:
    version "4.0.2"
    resolved "https://registry.npmjs.org/secp256k1/-/secp256k1-4.0.2.tgz"
    dependencies:
      elliptic "^6.5.2"
      node-addon-api "^2.0.0"
      node-gyp-build "^4.2.0"
  
  semver-diff@^3.1.1:
    version "3.1.1"
    resolved "https://registry.yarnpkg.com/semver-diff/-/semver-diff-3.1.1.tgz#05f77ce59f325e00e2706afd67bb506ddb1ca32b"
    dependencies:
      semver "^6.3.0"
  
  semver@^5.7.1:
    version "5.7.1"
    resolved "https://registry.yarnpkg.com/semver/-/semver-5.7.1.tgz#a954f931aeba508d307bbf069eff0c01c96116f7"
  
  semver@^6.0.0, semver@^6.2.0, semver@^6.3.0:
    version "6.3.0"
    resolved "https://registry.yarnpkg.com/semver/-/semver-6.3.0.tgz#ee0a64c8af5e8ceea67687b133761e1becbd1d3d"
  
  semver@^7.3.2:
    version "7.3.2"
    resolved "https://registry.npmjs.org/semver/-/semver-7.3.2.tgz"
  
  send@0.16.2:
    version "0.16.2"
    resolved "https://registry.npmjs.org/send/-/send-0.16.2.tgz"
    dependencies:
      debug "2.6.9"
      depd "~1.1.2"
      destroy "~1.0.4"
      encodeurl "~1.0.2"
      escape-html "~1.0.3"
      etag "~1.8.1"
      fresh "0.5.2"
      http-errors "~1.6.2"
      mime "1.4.1"
      ms "2.0.0"
      on-finished "~2.3.0"
      range-parser "~1.2.0"
      statuses "~1.4.0"
  
  sequelize-pool@^6.0.0:
    version "6.1.0"
    resolved "https://registry.npmjs.org/sequelize-pool/-/sequelize-pool-6.1.0.tgz"
  
  sequelize@^6.3.4:
    version "6.3.4"
    resolved "https://registry.npmjs.org/sequelize/-/sequelize-6.3.4.tgz"
    dependencies:
      debug "^4.1.1"
      dottie "^2.0.0"
      inflection "1.12.0"
      lodash "^4.17.15"
      moment "^2.26.0"
      moment-timezone "^0.5.31"
      retry-as-promised "^3.2.0"
      semver "^7.3.2"
      sequelize-pool "^6.0.0"
      toposort-class "^1.0.1"
      uuid "^8.1.0"
      validator "^10.11.0"
      wkx "^0.5.0"
  
  serve-static@1.13.2:
    version "1.13.2"
    resolved "https://registry.npmjs.org/serve-static/-/serve-static-1.13.2.tgz"
    dependencies:
      encodeurl "~1.0.2"
      escape-html "~1.0.3"
      parseurl "~1.3.2"
      send "0.16.2"
  
  servify@^0.1.12:
    version "0.1.12"
    resolved "https://registry.npmjs.org/servify/-/servify-0.1.12.tgz"
    dependencies:
      body-parser "^1.16.0"
      cors "^2.8.1"
      express "^4.14.0"
      request "^2.79.0"
      xhr "^2.3.3"
  
  setimmediate@^1.0.5:
    version "1.0.5"
    resolved "https://registry.npmjs.org/setimmediate/-/setimmediate-1.0.5.tgz"
  
  setprototypeof@1.1.0:
    version "1.1.0"
    resolved "https://registry.npmjs.org/setprototypeof/-/setprototypeof-1.1.0.tgz"
  
  sha.js@^2.4.0, sha.js@^2.4.8:
    version "2.4.11"
    resolved "https://registry.npmjs.org/sha.js/-/sha.js-2.4.11.tgz"
    dependencies:
      inherits "^2.0.1"
      safe-buffer "^5.0.1"
  
  signal-exit@^3.0.2:
    version "3.0.3"
    resolved "https://registry.yarnpkg.com/signal-exit/-/signal-exit-3.0.3.tgz#a1410c2edd8f077b08b4e253c8eacfcaf057461c"
  
  simple-concat@^1.0.0:
    version "1.0.1"
    resolved "https://registry.npmjs.org/simple-concat/-/simple-concat-1.0.1.tgz"
  
  simple-get@^2.7.0:
    version "2.8.1"
    resolved "https://registry.npmjs.org/simple-get/-/simple-get-2.8.1.tgz"
    dependencies:
      decompress-response "^3.3.0"
      once "^1.3.1"
      simple-concat "^1.0.0"
  
  source-map-support@^0.5.17:
    version "0.5.19"
    resolved "https://registry.npmjs.org/source-map-support/-/source-map-support-0.5.19.tgz"
    dependencies:
      buffer-from "^1.0.0"
      source-map "^0.6.0"
  
  source-map@0.4.x:
    version "0.4.4"
    resolved "https://registry.npmjs.org/source-map/-/source-map-0.4.4.tgz"
    dependencies:
      amdefine ">=0.0.4"
  
  source-map@^0.6.0:
    version "0.6.1"
    resolved "https://registry.npmjs.org/source-map/-/source-map-0.6.1.tgz"
  
  source-map@~0.1.7:
    version "0.1.43"
    resolved "https://registry.npmjs.org/source-map/-/source-map-0.1.43.tgz"
    dependencies:
      amdefine ">=0.0.4"
  
  source-map@~0.5.1:
    version "0.5.7"
    resolved "https://registry.npmjs.org/source-map/-/source-map-0.5.7.tgz"
  
  sshpk@^1.7.0:
    version "1.16.1"
    resolved "https://registry.npmjs.org/sshpk/-/sshpk-1.16.1.tgz"
    dependencies:
      asn1 "~0.2.3"
      assert-plus "^1.0.0"
      bcrypt-pbkdf "^1.0.0"
      dashdash "^1.12.0"
      ecc-jsbn "~0.1.1"
      getpass "^0.1.1"
      jsbn "~0.1.0"
      safer-buffer "^2.0.2"
      tweetnacl "~0.14.0"
  
  "statuses@>= 1.4.0 < 2", statuses@~1.4.0:
    version "1.4.0"
    resolved "https://registry.npmjs.org/statuses/-/statuses-1.4.0.tgz"
  
  strict-uri-encode@^1.0.0:
    version "1.1.0"
    resolved "https://registry.npmjs.org/strict-uri-encode/-/strict-uri-encode-1.1.0.tgz"
  
  string-width@^3.0.0:
    version "3.1.0"
    resolved "https://registry.yarnpkg.com/string-width/-/string-width-3.1.0.tgz#22767be21b62af1081574306f69ac51b62203961"
    dependencies:
      emoji-regex "^7.0.1"
      is-fullwidth-code-point "^2.0.0"
      strip-ansi "^5.1.0"
  
  string-width@^4.0.0, string-width@^4.1.0:
    version "4.2.0"
    resolved "https://registry.yarnpkg.com/string-width/-/string-width-4.2.0.tgz#952182c46cc7b2c313d1596e623992bd163b72b5"
    dependencies:
      emoji-regex "^8.0.0"
      is-fullwidth-code-point "^3.0.0"
      strip-ansi "^6.0.0"
  
  string_decoder@^1.1.1:
    version "1.3.0"
    resolved "https://registry.npmjs.org/string_decoder/-/string_decoder-1.3.0.tgz"
    dependencies:
      safe-buffer "~5.2.0"
  
  strip-ansi@^5.1.0:
    version "5.2.0"
    resolved "https://registry.yarnpkg.com/strip-ansi/-/strip-ansi-5.2.0.tgz#8c9a536feb6afc962bdfa5b104a5091c1ad9c0ae"
    dependencies:
      ansi-regex "^4.1.0"
  
  strip-ansi@^6.0.0:
    version "6.0.0"
    resolved "https://registry.yarnpkg.com/strip-ansi/-/strip-ansi-6.0.0.tgz#0b1571dd7669ccd4f3e06e14ef1eed26225ae532"
    dependencies:
      ansi-regex "^5.0.0"
  
  strip-hex-prefix@1.0.0:
    version "1.0.0"
    resolved "https://registry.npmjs.org/strip-hex-prefix/-/strip-hex-prefix-1.0.0.tgz"
    dependencies:
      is-hex-prefixed "1.0.0"
  
  strip-json-comments@~2.0.1:
    version "2.0.1"
    resolved "https://registry.yarnpkg.com/strip-json-comments/-/strip-json-comments-2.0.1.tgz#3c531942e908c2697c0ec344858c286c7ca0a60a"
  
  supports-color@^5.5.0:
    version "5.5.0"
    resolved "https://registry.yarnpkg.com/supports-color/-/supports-color-5.5.0.tgz#e2e69a44ac8772f78a1ec0b35b689df6530efc8f"
    dependencies:
      has-flag "^3.0.0"
  
  supports-color@^7.1.0:
    version "7.2.0"
    resolved "https://registry.yarnpkg.com/supports-color/-/supports-color-7.2.0.tgz#1b7dcdcb32b8138801b3e478ba6a51caa89648da"
    dependencies:
      has-flag "^4.0.0"
  
  swarm-js@^0.1.40:
    version "0.1.40"
    resolved "https://registry.npmjs.org/swarm-js/-/swarm-js-0.1.40.tgz"
    dependencies:
      bluebird "^3.5.0"
      buffer "^5.0.5"
      eth-lib "^0.1.26"
      fs-extra "^4.0.2"
      got "^7.1.0"
      mime-types "^2.1.16"
      mkdirp-promise "^5.0.1"
      mock-fs "^4.1.0"
      setimmediate "^1.0.5"
      tar "^4.0.2"
      xhr-request "^1.0.1"
  
  tar@^4.0.2:
    version "4.4.13"
    resolved "https://registry.npmjs.org/tar/-/tar-4.4.13.tgz"
    dependencies:
      chownr "^1.1.1"
      fs-minipass "^1.2.5"
      minipass "^2.8.6"
      minizlib "^1.2.1"
      mkdirp "^0.5.0"
      safe-buffer "^5.1.2"
      yallist "^3.0.3"
  
  term-size@^2.1.0:
    version "2.2.1"
    resolved "https://registry.yarnpkg.com/term-size/-/term-size-2.2.1.tgz#2a6a54840432c2fb6320fea0f415531e90189f54"
  
  timed-out@^4.0.0, timed-out@^4.0.1:
    version "4.0.1"
    resolved "https://registry.npmjs.org/timed-out/-/timed-out-4.0.1.tgz"
  
  to-readable-stream@^1.0.0:
    version "1.0.0"
    resolved "https://registry.npmjs.org/to-readable-stream/-/to-readable-stream-1.0.0.tgz"
  
  to-regex-range@^5.0.1:
    version "5.0.1"
    resolved "https://registry.yarnpkg.com/to-regex-range/-/to-regex-range-5.0.1.tgz#1648c44aae7c8d988a326018ed72f5b4dd0392e4"
    dependencies:
      is-number "^7.0.0"
  
  toposort-class@^1.0.1:
    version "1.0.1"
    resolved "https://registry.npmjs.org/toposort-class/-/toposort-class-1.0.1.tgz"
  
  touch@^3.1.0:
    version "3.1.0"
    resolved "https://registry.yarnpkg.com/touch/-/touch-3.1.0.tgz#fe365f5f75ec9ed4e56825e0bb76d24ab74af83b"
    dependencies:
      nopt "~1.0.10"
  
  tough-cookie@~2.5.0:
    version "2.5.0"
    resolved "https://registry.npmjs.org/tough-cookie/-/tough-cookie-2.5.0.tgz"
    dependencies:
      psl "^1.1.28"
      punycode "^2.1.1"
  
  transformers@2.1.0:
    version "2.1.0"
    resolved "https://registry.npmjs.org/transformers/-/transformers-2.1.0.tgz"
    dependencies:
      css "~1.0.8"
      promise "~2.0"
      uglify-js "~2.2.5"
  
  ts-node@^9.1.1:
    version "9.1.1"
    resolved "https://registry.npmjs.org/ts-node/-/ts-node-9.1.1.tgz"
    dependencies:
      arg "^4.1.0"
      create-require "^1.1.0"
      diff "^4.0.1"
      make-error "^1.1.1"
      source-map-support "^0.5.17"
      yn "3.1.1"
  
  tunnel-agent@^0.6.0:
    version "0.6.0"
    resolved "https://registry.npmjs.org/tunnel-agent/-/tunnel-agent-0.6.0.tgz"
    dependencies:
      safe-buffer "^5.0.1"
  
  tweetnacl@^0.14.3, tweetnacl@~0.14.0:
    version "0.14.5"
    resolved "https://registry.npmjs.org/tweetnacl/-/tweetnacl-0.14.5.tgz"
  
  type-fest@^0.8.1:
    version "0.8.1"
    resolved "https://registry.yarnpkg.com/type-fest/-/type-fest-0.8.1.tgz#09e249ebde851d3b1e48d27c105444667f17b83d"
  
  type-is@~1.6.16:
    version "1.6.18"
    resolved "https://registry.npmjs.org/type-is/-/type-is-1.6.18.tgz"
    dependencies:
      media-typer "0.3.0"
      mime-types "~2.1.24"
  
  type@^1.0.1:
    version "1.2.0"
    resolved "https://registry.npmjs.org/type/-/type-1.2.0.tgz"
  
  type@^2.0.0:
    version "2.0.0"
    resolved "https://registry.npmjs.org/type/-/type-2.0.0.tgz"
  
  typedarray-to-buffer@^3.1.5:
    version "3.1.5"
    resolved "https://registry.npmjs.org/typedarray-to-buffer/-/typedarray-to-buffer-3.1.5.tgz"
    dependencies:
      is-typedarray "^1.0.0"
  
  typescript@^4.1.3:
    version "4.1.3"
    resolved "https://registry.npmjs.org/typescript/-/typescript-4.1.3.tgz"
  
  uglify-js@^2.4.19:
    version "2.8.29"
    resolved "https://registry.npmjs.org/uglify-js/-/uglify-js-2.8.29.tgz"
    dependencies:
      source-map "~0.5.1"
      yargs "~3.10.0"
    optionalDependencies:
      uglify-to-browserify "~1.0.0"
  
  uglify-js@~2.2.5:
    version "2.2.5"
    resolved "https://registry.npmjs.org/uglify-js/-/uglify-js-2.2.5.tgz"
    dependencies:
      optimist "~0.3.5"
      source-map "~0.1.7"
  
  uglify-to-browserify@~1.0.0:
    version "1.0.2"
    resolved "https://registry.npmjs.org/uglify-to-browserify/-/uglify-to-browserify-1.0.2.tgz"
  
  ultron@~1.1.0:
    version "1.1.1"
    resolved "https://registry.npmjs.org/ultron/-/ultron-1.1.1.tgz"
  
  undefsafe@^2.0.3:
    version "2.0.3"
    resolved "https://registry.yarnpkg.com/undefsafe/-/undefsafe-2.0.3.tgz#6b166e7094ad46313b2202da7ecc2cd7cc6e7aae"
    dependencies:
      debug "^2.2.0"
  
  underscore@1.9.1:
    version "1.9.1"
    resolved "https://registry.npmjs.org/underscore/-/underscore-1.9.1.tgz"
  
  unique-string@^2.0.0:
    version "2.0.0"
    resolved "https://registry.yarnpkg.com/unique-string/-/unique-string-2.0.0.tgz#39c6451f81afb2749de2b233e3f7c5e8843bd89d"
    dependencies:
      crypto-random-string "^2.0.0"
  
  universalify@^0.1.0:
    version "0.1.2"
    resolved "https://registry.npmjs.org/universalify/-/universalify-0.1.2.tgz"
  
  unpipe@1.0.0, unpipe@~1.0.0:
    version "1.0.0"
    resolved "https://registry.npmjs.org/unpipe/-/unpipe-1.0.0.tgz"
  
  update-notifier@^4.1.0:
    version "4.1.3"
    resolved "https://registry.yarnpkg.com/update-notifier/-/update-notifier-4.1.3.tgz#be86ee13e8ce48fb50043ff72057b5bd598e1ea3"
    dependencies:
      boxen "^4.2.0"
      chalk "^3.0.0"
      configstore "^5.0.1"
      has-yarn "^2.1.0"
      import-lazy "^2.1.0"
      is-ci "^2.0.0"
      is-installed-globally "^0.3.1"
      is-npm "^4.0.0"
      is-yarn-global "^0.3.0"
      latest-version "^5.0.0"
      pupa "^2.0.1"
      semver-diff "^3.1.1"
      xdg-basedir "^4.0.0"
  
  uri-js@^4.2.2:
    version "4.2.2"
    resolved "https://registry.npmjs.org/uri-js/-/uri-js-4.2.2.tgz"
    dependencies:
      punycode "^2.1.0"
  
  url-parse-lax@^1.0.0:
    version "1.0.0"
    resolved "https://registry.npmjs.org/url-parse-lax/-/url-parse-lax-1.0.0.tgz"
    dependencies:
      prepend-http "^1.0.1"
  
  url-parse-lax@^3.0.0:
    version "3.0.0"
    resolved "https://registry.npmjs.org/url-parse-lax/-/url-parse-lax-3.0.0.tgz"
    dependencies:
      prepend-http "^2.0.0"
  
  url-set-query@^1.0.0:
    version "1.0.0"
    resolved "https://registry.npmjs.org/url-set-query/-/url-set-query-1.0.0.tgz"
  
  url-to-options@^1.0.1:
    version "1.0.1"
    resolved "https://registry.npmjs.org/url-to-options/-/url-to-options-1.0.1.tgz"
  
  utf8@3.0.0:
    version "3.0.0"
    resolved "https://registry.npmjs.org/utf8/-/utf8-3.0.0.tgz"
  
  util-deprecate@^1.0.1:
    version "1.0.2"
    resolved "https://registry.npmjs.org/util-deprecate/-/util-deprecate-1.0.2.tgz"
  
  utils-merge@1.0.1:
    version "1.0.1"
    resolved "https://registry.npmjs.org/utils-merge/-/utils-merge-1.0.1.tgz"
  
  uuid@3.3.2, uuid@^3.3.2:
    version "3.3.2"
    resolved "https://registry.npmjs.org/uuid/-/uuid-3.3.2.tgz"
  
  uuid@^8.1.0:
    version "8.3.0"
    resolved "https://registry.npmjs.org/uuid/-/uuid-8.3.0.tgz"
  
  validator@^10.11.0:
    version "10.11.0"
    resolved "https://registry.npmjs.org/validator/-/validator-10.11.0.tgz"
  
  varint@^5.0.0:
    version "5.0.0"
    resolved "https://registry.npmjs.org/varint/-/varint-5.0.0.tgz"
  
  vary@^1, vary@~1.1.2:
    version "1.1.2"
    resolved "https://registry.npmjs.org/vary/-/vary-1.1.2.tgz"
  
  verror@1.10.0:
    version "1.10.0"
    resolved "https://registry.npmjs.org/verror/-/verror-1.10.0.tgz"
    dependencies:
      assert-plus "^1.0.0"
      core-util-is "1.0.2"
      extsprintf "^1.2.0"
  
  void-elements@~2.0.1:
    version "2.0.1"
    resolved "https://registry.npmjs.org/void-elements/-/void-elements-2.0.1.tgz"
  
  web3-bzz@1.2.11:
    version "1.2.11"
    resolved "https://registry.npmjs.org/web3-bzz/-/web3-bzz-1.2.11.tgz"
    dependencies:
      "@types/node" "^12.12.6"
      got "9.6.0"
      swarm-js "^0.1.40"
      underscore "1.9.1"
  
  web3-core-helpers@1.2.11:
    version "1.2.11"
    resolved "https://registry.npmjs.org/web3-core-helpers/-/web3-core-helpers-1.2.11.tgz"
    dependencies:
      underscore "1.9.1"
      web3-eth-iban "1.2.11"
      web3-utils "1.2.11"
  
  web3-core-method@1.2.11:
    version "1.2.11"
    resolved "https://registry.npmjs.org/web3-core-method/-/web3-core-method-1.2.11.tgz"
    dependencies:
      "@ethersproject/transactions" "^5.0.0-beta.135"
      underscore "1.9.1"
      web3-core-helpers "1.2.11"
      web3-core-promievent "1.2.11"
      web3-core-subscriptions "1.2.11"
      web3-utils "1.2.11"
  
  web3-core-promievent@1.2.11:
    version "1.2.11"
    resolved "https://registry.npmjs.org/web3-core-promievent/-/web3-core-promievent-1.2.11.tgz"
    dependencies:
      eventemitter3 "4.0.4"
  
  web3-core-requestmanager@1.2.11:
    version "1.2.11"
    resolved "https://registry.npmjs.org/web3-core-requestmanager/-/web3-core-requestmanager-1.2.11.tgz"
    dependencies:
      underscore "1.9.1"
      web3-core-helpers "1.2.11"
      web3-providers-http "1.2.11"
      web3-providers-ipc "1.2.11"
      web3-providers-ws "1.2.11"
  
  web3-core-subscriptions@1.2.11:
    version "1.2.11"
    resolved "https://registry.npmjs.org/web3-core-subscriptions/-/web3-core-subscriptions-1.2.11.tgz"
    dependencies:
      eventemitter3 "4.0.4"
      underscore "1.9.1"
      web3-core-helpers "1.2.11"
  
  web3-core@1.2.11:
    version "1.2.11"
    resolved "https://registry.npmjs.org/web3-core/-/web3-core-1.2.11.tgz"
    dependencies:
      "@types/bn.js" "^4.11.5"
      "@types/node" "^12.12.6"
      bignumber.js "^9.0.0"
      web3-core-helpers "1.2.11"
      web3-core-method "1.2.11"
      web3-core-requestmanager "1.2.11"
      web3-utils "1.2.11"
  
  web3-eth-abi@1.2.11:
    version "1.2.11"
    resolved "https://registry.npmjs.org/web3-eth-abi/-/web3-eth-abi-1.2.11.tgz"
    dependencies:
      "@ethersproject/abi" "5.0.0-beta.153"
      underscore "1.9.1"
      web3-utils "1.2.11"
  
  web3-eth-accounts@1.2.11:
    version "1.2.11"
    resolved "https://registry.npmjs.org/web3-eth-accounts/-/web3-eth-accounts-1.2.11.tgz"
    dependencies:
      crypto-browserify "3.12.0"
      eth-lib "0.2.8"
      ethereumjs-common "^1.3.2"
      ethereumjs-tx "^2.1.1"
      scrypt-js "^3.0.1"
      underscore "1.9.1"
      uuid "3.3.2"
      web3-core "1.2.11"
      web3-core-helpers "1.2.11"
      web3-core-method "1.2.11"
      web3-utils "1.2.11"
  
  web3-eth-contract@1.2.11:
    version "1.2.11"
    resolved "https://registry.npmjs.org/web3-eth-contract/-/web3-eth-contract-1.2.11.tgz"
    dependencies:
      "@types/bn.js" "^4.11.5"
      underscore "1.9.1"
      web3-core "1.2.11"
      web3-core-helpers "1.2.11"
      web3-core-method "1.2.11"
      web3-core-promievent "1.2.11"
      web3-core-subscriptions "1.2.11"
      web3-eth-abi "1.2.11"
      web3-utils "1.2.11"
  
  web3-eth-ens@1.2.11:
    version "1.2.11"
    resolved "https://registry.npmjs.org/web3-eth-ens/-/web3-eth-ens-1.2.11.tgz"
    dependencies:
      content-hash "^2.5.2"
      eth-ens-namehash "2.0.8"
      underscore "1.9.1"
      web3-core "1.2.11"
      web3-core-helpers "1.2.11"
      web3-core-promievent "1.2.11"
      web3-eth-abi "1.2.11"
      web3-eth-contract "1.2.11"
      web3-utils "1.2.11"
  
  web3-eth-iban@1.2.11:
    version "1.2.11"
    resolved "https://registry.npmjs.org/web3-eth-iban/-/web3-eth-iban-1.2.11.tgz"
    dependencies:
      bn.js "^4.11.9"
      web3-utils "1.2.11"
  
  web3-eth-personal@1.2.11:
    version "1.2.11"
    resolved "https://registry.npmjs.org/web3-eth-personal/-/web3-eth-personal-1.2.11.tgz"
    dependencies:
      "@types/node" "^12.12.6"
      web3-core "1.2.11"
      web3-core-helpers "1.2.11"
      web3-core-method "1.2.11"
      web3-net "1.2.11"
      web3-utils "1.2.11"
  
  web3-eth@1.2.11, web3-eth@^1.2.11:
    version "1.2.11"
    resolved "https://registry.npmjs.org/web3-eth/-/web3-eth-1.2.11.tgz"
    dependencies:
      underscore "1.9.1"
      web3-core "1.2.11"
      web3-core-helpers "1.2.11"
      web3-core-method "1.2.11"
      web3-core-subscriptions "1.2.11"
      web3-eth-abi "1.2.11"
      web3-eth-accounts "1.2.11"
      web3-eth-contract "1.2.11"
      web3-eth-ens "1.2.11"
      web3-eth-iban "1.2.11"
      web3-eth-personal "1.2.11"
      web3-net "1.2.11"
      web3-utils "1.2.11"
  
  web3-net@1.2.11:
    version "1.2.11"
    resolved "https://registry.npmjs.org/web3-net/-/web3-net-1.2.11.tgz"
    dependencies:
      web3-core "1.2.11"
      web3-core-method "1.2.11"
      web3-utils "1.2.11"
  
  web3-providers-http@1.2.11:
    version "1.2.11"
    resolved "https://registry.npmjs.org/web3-providers-http/-/web3-providers-http-1.2.11.tgz"
    dependencies:
      web3-core-helpers "1.2.11"
      xhr2-cookies "1.1.0"
  
  web3-providers-ipc@1.2.11:
    version "1.2.11"
    resolved "https://registry.npmjs.org/web3-providers-ipc/-/web3-providers-ipc-1.2.11.tgz"
    dependencies:
      oboe "2.1.4"
      underscore "1.9.1"
      web3-core-helpers "1.2.11"
  
  web3-providers-ws@1.2.11:
    version "1.2.11"
    resolved "https://registry.npmjs.org/web3-providers-ws/-/web3-providers-ws-1.2.11.tgz"
    dependencies:
      eventemitter3 "4.0.4"
      underscore "1.9.1"
      web3-core-helpers "1.2.11"
      websocket "^1.0.31"
  
  web3-shh@1.2.11:
    version "1.2.11"
    resolved "https://registry.npmjs.org/web3-shh/-/web3-shh-1.2.11.tgz"
    dependencies:
      web3-core "1.2.11"
      web3-core-method "1.2.11"
      web3-core-subscriptions "1.2.11"
      web3-net "1.2.11"
  
  web3-utils@1.2.11:
    version "1.2.11"
    resolved "https://registry.npmjs.org/web3-utils/-/web3-utils-1.2.11.tgz"
    dependencies:
      bn.js "^4.11.9"
      eth-lib "0.2.8"
      ethereum-bloom-filters "^1.0.6"
      ethjs-unit "0.1.6"
      number-to-bn "1.7.0"
      randombytes "^2.1.0"
      underscore "1.9.1"
      utf8 "3.0.0"
  
  web3@^1.2.11:
    version "1.2.11"
    resolved "https://registry.npmjs.org/web3/-/web3-1.2.11.tgz"
    dependencies:
      web3-bzz "1.2.11"
      web3-core "1.2.11"
      web3-eth "1.2.11"
      web3-eth-personal "1.2.11"
      web3-net "1.2.11"
      web3-shh "1.2.11"
      web3-utils "1.2.11"
  
  websocket@^1.0.31:
    version "1.0.31"
    resolved "https://registry.npmjs.org/websocket/-/websocket-1.0.31.tgz"
    dependencies:
      debug "^2.2.0"
      es5-ext "^0.10.50"
      nan "^2.14.0"
      typedarray-to-buffer "^3.1.5"
      yaeti "^0.0.6"
  
  widest-line@^3.1.0:
    version "3.1.0"
    resolved "https://registry.yarnpkg.com/widest-line/-/widest-line-3.1.0.tgz#8292333bbf66cb45ff0de1603b136b7ae1496eca"
    dependencies:
      string-width "^4.0.0"
  
  window-size@0.1.0:
    version "0.1.0"
    resolved "https://registry.npmjs.org/window-size/-/window-size-0.1.0.tgz"
  
  with@~4.0.0:
    version "4.0.3"
    resolved "https://registry.npmjs.org/with/-/with-4.0.3.tgz"
    dependencies:
      acorn "^1.0.1"
      acorn-globals "^1.0.3"
  
  wkx@^0.5.0:
    version "0.5.0"
    resolved "https://registry.npmjs.org/wkx/-/wkx-0.5.0.tgz"
    dependencies:
      "@types/node" "*"
  
  wordwrap@0.0.2:
    version "0.0.2"
    resolved "https://registry.npmjs.org/wordwrap/-/wordwrap-0.0.2.tgz"
  
  wordwrap@~0.0.2:
    version "0.0.3"
    resolved "https://registry.npmjs.org/wordwrap/-/wordwrap-0.0.3.tgz"
  
  wrappy@1:
    version "1.0.2"
    resolved "https://registry.npmjs.org/wrappy/-/wrappy-1.0.2.tgz"
  
  write-file-atomic@^3.0.0:
    version "3.0.3"
    resolved "https://registry.yarnpkg.com/write-file-atomic/-/write-file-atomic-3.0.3.tgz#56bd5c5a5c70481cd19c571bd39ab965a5de56e8"
    dependencies:
      imurmurhash "^0.1.4"
      is-typedarray "^1.0.0"
      signal-exit "^3.0.2"
      typedarray-to-buffer "^3.1.5"
  
  ws@^3.0.0:
    version "3.3.3"
    resolved "https://registry.npmjs.org/ws/-/ws-3.3.3.tgz"
    dependencies:
      async-limiter "~1.0.0"
      safe-buffer "~5.1.0"
      ultron "~1.1.0"
  
  xdg-basedir@^4.0.0:
    version "4.0.0"
    resolved "https://registry.yarnpkg.com/xdg-basedir/-/xdg-basedir-4.0.0.tgz#4bc8d9984403696225ef83a1573cbbcb4e79db13"
  
  xhr-request-promise@^0.1.2:
    version "0.1.3"
    resolved "https://registry.npmjs.org/xhr-request-promise/-/xhr-request-promise-0.1.3.tgz"
    dependencies:
      xhr-request "^1.1.0"
  
  xhr-request@^1.0.1, xhr-request@^1.1.0:
    version "1.1.0"
    resolved "https://registry.npmjs.org/xhr-request/-/xhr-request-1.1.0.tgz"
    dependencies:
      buffer-to-arraybuffer "^0.0.5"
      object-assign "^4.1.1"
      query-string "^5.0.1"
      simple-get "^2.7.0"
      timed-out "^4.0.1"
      url-set-query "^1.0.0"
      xhr "^2.0.4"
  
  xhr2-cookies@1.1.0:
    version "1.1.0"
    resolved "https://registry.npmjs.org/xhr2-cookies/-/xhr2-cookies-1.1.0.tgz"
    dependencies:
      cookiejar "^2.1.1"
  
  xhr@^2.0.4, xhr@^2.3.3:
    version "2.5.0"
    resolved "https://registry.npmjs.org/xhr/-/xhr-2.5.0.tgz"
    dependencies:
      global "~4.3.0"
      is-function "^1.0.1"
      parse-headers "^2.0.0"
      xtend "^4.0.0"
  
  xtend@^4.0.0:
    version "4.0.2"
    resolved "https://registry.npmjs.org/xtend/-/xtend-4.0.2.tgz"
  
  yaeti@^0.0.6:
    version "0.0.6"
    resolved "https://registry.npmjs.org/yaeti/-/yaeti-0.0.6.tgz"
  
  yallist@^3.0.0, yallist@^3.0.3:
    version "3.1.1"
    resolved "https://registry.npmjs.org/yallist/-/yallist-3.1.1.tgz"
  
  yargs@~3.10.0:
    version "3.10.0"
    resolved "https://registry.npmjs.org/yargs/-/yargs-3.10.0.tgz"
    dependencies:
      camelcase "^1.0.2"
      cliui "^2.1.0"
      decamelize "^1.0.0"
      window-size "0.1.0"
  
  yn@3.1.1:
    version "3.1.1"
    resolved "https://registry.npmjs.org/yn/-/yn-3.1.1.tgz"

Trace: 
  SyntaxError: /Users/lukewatson/projects/crypto/node-api/package.json: Unexpected token } in JSON at position 110
      at JSON.parse (<anonymous>)
      at /usr/local/Cellar/yarn/1.3.2/libexec/lib/cli.js:770:59
      at Generator.next (<anonymous>)
      at step (/usr/local/Cellar/yarn/1.3.2/libexec/lib/cli.js:92:30)
      at /usr/local/Cellar/yarn/1.3.2/libexec/lib/cli.js:103:13
